0 verbose cli /Users/jiangzhefeng/.nvm/versions/node/v20.19.0/bin/node /Users/jiangzhefeng/.nvm/versions/node/v20.19.0/bin/npm
1 info using npm@10.8.2
2 info using node@v20.19.0
3 silly config load:file:/Users/jiangzhefeng/.nvm/versions/node/v20.19.0/lib/node_modules/npm/npmrc
4 silly config load:file:/Users/jiangzhefeng/learn-project/jindong-demo/.npmrc
5 silly config load:file:/Users/jiangzhefeng/.npmrc
6 silly config load:file:/Users/jiangzhefeng/.nvm/versions/node/v20.19.0/etc/npmrc
7 verbose title npm install tailwindcss@3.4.4
8 verbose argv "install" "tailwindcss@3.4.4" "--cache" "./npm-cache"
9 verbose logfile logs-max:10 dir:/Users/jiangzhefeng/learn-project/jindong-demo/npm-cache/_logs/2025-11-11T08_26_39_939Z-
10 verbose logfile /Users/jiangzhefeng/learn-project/jindong-demo/npm-cache/_logs/2025-11-11T08_26_39_939Z-debug-0.log
11 silly packumentCache heap:4345298944 maxSize:1086324736 maxEntrySize:543162368
12 silly logfile done cleaning log files
13 http fetch GET https://registry.npmjs.org/npm attempt 1 failed with ENOTFOUND
14 silly idealTree buildDeps
15 silly fetch manifest tailwindcss@3.4.4
16 silly packumentCache full:https://registry.npmjs.org/tailwindcss cache-miss
17 http fetch GET https://registry.npmjs.org/tailwindcss attempt 1 failed with ENOTFOUND
18 http fetch GET https://registry.npmjs.org/npm attempt 2 failed with ENOTFOUND
19 http fetch GET https://registry.npmjs.org/tailwindcss attempt 2 failed with ENOTFOUND
20 http fetch GET https://registry.npmjs.org/npm attempt 3 failed with ENOTFOUND
21 http fetch GET https://registry.npmjs.org/tailwindcss attempt 3 failed with ENOTFOUND
22 silly placeDep ROOT tailwindcss@ OK for: jindong-demo@1.0.0 want: 3.4.4
23 verbose type system
24 verbose stack FetchError: request to https://registry.npmjs.org/tailwindcss failed, reason: getaddrinfo ENOTFOUND registry.npmjs.org
24 verbose stack     at ClientRequest.<anonymous> (/Users/jiangzhefeng/.nvm/versions/node/v20.19.0/lib/node_modules/npm/node_modules/minipass-fetch/lib/index.js:130:14)
24 verbose stack     at ClientRequest.emit (node:events:524:28)
24 verbose stack     at emitErrorEvent (node:_http_client:101:11)
24 verbose stack     at _destroy (node:_http_client:884:9)
24 verbose stack     at onSocketNT (node:_http_client:904:5)
24 verbose stack     at process.processTicksAndRejections (node:internal/process/task_queues:83:21)
25 error code ENOTFOUND
26 error syscall getaddrinfo
27 error errno ENOTFOUND
28 error network request to https://registry.npmjs.org/tailwindcss failed, reason: getaddrinfo ENOTFOUND registry.npmjs.org
29 error network This is a problem related to network connectivity.
29 error network In most cases you are behind a proxy or have bad network settings.
29 error network
29 error network If you are behind a proxy, please make sure that the
29 error network 'proxy' config is set properly.  See: 'npm help config'
30 silly unfinished npm timer reify 1762849600225
31 silly unfinished npm timer reify:loadTrees 1762849600291
32 verbose cwd /Users/jiangzhefeng/learn-project/jindong-demo
33 verbose os Darwin 23.2.0
34 verbose node v20.19.0
35 verbose npm  v10.8.2
36 verbose exit 1
37 verbose code 1
38 error A complete log of this run can be found in: /Users/jiangzhefeng/learn-project/jindong-demo/npm-cache/_logs/2025-11-11T08_26_39_939Z-debug-0.log
