0 verbose cli /Users/jiangzhefeng/.nvm/versions/node/v20.19.0/bin/node /Users/jiangzhefeng/.nvm/versions/node/v20.19.0/bin/npm
1 info using npm@10.8.2
2 info using node@v20.19.0
3 silly config load:file:/Users/jiangzhefeng/.nvm/versions/node/v20.19.0/lib/node_modules/npm/npmrc
4 silly config load:file:/Users/jiangzhefeng/learn-project/jindong-demo/.npmrc
5 silly config load:file:/Users/jiangzhefeng/.npmrc
6 silly config load:file:/Users/jiangzhefeng/.nvm/versions/node/v20.19.0/etc/npmrc
7 verbose title npm install tailwindcss@3.4.4
8 verbose argv "install" "tailwindcss@3.4.4" "--cache" "./npm-cache"
9 verbose logfile logs-max:10 dir:/Users/jiangzhefeng/learn-project/jindong-demo/npm-cache/_logs/2025-11-11T08_27_55_607Z-
10 verbose logfile /Users/jiangzhefeng/learn-project/jindong-demo/npm-cache/_logs/2025-11-11T08_27_55_607Z-debug-0.log
11 silly packumentCache heap:4345298944 maxSize:1086324736 maxEntrySize:543162368
12 silly logfile done cleaning log files
13 silly idealTree buildDeps
14 silly fetch manifest tailwindcss@3.4.4
15 silly packumentCache full:https://registry.npmjs.org/tailwindcss cache-miss
16 http fetch GET 200 https://registry.npmjs.org/tailwindcss 2542ms (cache miss)
17 silly packumentCache full:https://registry.npmjs.org/tailwindcss set size:undefined disposed:false
18 silly placeDep ROOT tailwindcss@3.4.4 OK for: jindong-demo@1.0.0 want: 3.4.4
19 silly fetch manifest arg@^5.0.2
20 silly packumentCache full:https://registry.npmjs.org/arg cache-miss
21 silly fetch manifest dlv@^1.1.3
22 silly packumentCache full:https://registry.npmjs.org/dlv cache-miss
23 silly fetch manifest jiti@^1.21.0
24 silly packumentCache full:https://registry.npmjs.org/jiti cache-miss
25 silly fetch manifest is-glob@^4.0.3
26 silly packumentCache full:https://registry.npmjs.org/is-glob cache-miss
27 silly fetch manifest postcss@^8.4.23
28 silly packumentCache full:https://registry.npmjs.org/postcss cache-miss
29 silly fetch manifest resolve@^1.22.2
30 silly packumentCache full:https://registry.npmjs.org/resolve cache-miss
31 silly fetch manifest sucrase@^3.32.0
32 silly packumentCache full:https://registry.npmjs.org/sucrase cache-miss
33 http fetch GET 200 https://registry.npmjs.org/arg 414ms (cache miss)
34 silly packumentCache full:https://registry.npmjs.org/arg set size:undefined disposed:false
35 silly fetch manifest chokidar@^3.5.3
36 silly packumentCache full:https://registry.npmjs.org/chokidar cache-miss
37 http fetch GET 200 https://registry.npmjs.org/is-glob 691ms (cache miss)
38 silly packumentCache full:https://registry.npmjs.org/is-glob set size:undefined disposed:false
39 silly fetch manifest fast-glob@^3.3.0
40 silly packumentCache full:https://registry.npmjs.org/fast-glob cache-miss
41 http fetch GET 200 https://registry.npmjs.org/jiti 736ms (cache miss)
42 silly packumentCache full:https://registry.npmjs.org/jiti set size:undefined disposed:false
43 silly fetch manifest lilconfig@^2.1.0
44 silly packumentCache full:https://registry.npmjs.org/lilconfig cache-miss
45 http fetch GET 200 https://registry.npmjs.org/sucrase 746ms (cache miss)
46 silly packumentCache full:https://registry.npmjs.org/sucrase set size:undefined disposed:false
47 silly fetch manifest didyoumean@^1.2.2
48 silly packumentCache full:https://registry.npmjs.org/didyoumean cache-miss
49 http fetch GET 200 https://registry.npmjs.org/chokidar 429ms (cache miss)
50 silly packumentCache full:https://registry.npmjs.org/chokidar set size:undefined disposed:false
51 silly fetch manifest micromatch@^4.0.5
52 silly packumentCache full:https://registry.npmjs.org/micromatch cache-miss
53 http fetch GET 200 https://registry.npmjs.org/dlv 906ms (cache miss)
54 silly packumentCache full:https://registry.npmjs.org/dlv set size:undefined disposed:false
55 silly fetch manifest picocolors@^1.0.0
56 silly packumentCache full:https://registry.npmjs.org/picocolors cache-miss
57 http fetch GET 200 https://registry.npmjs.org/fast-glob 216ms (cache miss)
58 silly packumentCache full:https://registry.npmjs.org/fast-glob set size:undefined disposed:false
59 silly fetch manifest postcss-js@^4.0.1
60 silly packumentCache full:https://registry.npmjs.org/postcss-js cache-miss
61 http fetch GET 200 https://registry.npmjs.org/resolve 935ms (cache miss)
62 silly packumentCache full:https://registry.npmjs.org/resolve set size:undefined disposed:false
63 silly fetch manifest glob-parent@^6.0.2
64 silly packumentCache full:https://registry.npmjs.org/glob-parent cache-miss
65 http fetch GET 200 https://registry.npmjs.org/lilconfig 210ms (cache miss)
66 silly packumentCache full:https://registry.npmjs.org/lilconfig set size:undefined disposed:false
67 silly fetch manifest object-hash@^3.0.0
68 silly packumentCache full:https://registry.npmjs.org/object-hash cache-miss
69 http fetch GET 200 https://registry.npmjs.org/didyoumean 202ms (cache miss)
70 silly packumentCache full:https://registry.npmjs.org/didyoumean set size:undefined disposed:false
71 silly fetch manifest normalize-path@^3.0.0
72 silly packumentCache full:https://registry.npmjs.org/normalize-path cache-miss
73 http fetch GET 200 https://registry.npmjs.org/postcss-js 192ms (cache miss)
74 silly packumentCache full:https://registry.npmjs.org/postcss-js set size:undefined disposed:false
75 silly fetch manifest postcss-import@^15.1.0
76 silly packumentCache full:https://registry.npmjs.org/postcss-import cache-miss
77 http fetch GET 200 https://registry.npmjs.org/glob-parent 185ms (cache miss)
78 silly packumentCache full:https://registry.npmjs.org/glob-parent set size:undefined disposed:false
79 silly fetch manifest postcss-nested@^6.0.1
80 silly packumentCache full:https://registry.npmjs.org/postcss-nested cache-miss
81 http fetch GET 200 https://registry.npmjs.org/normalize-path 203ms (cache miss)
82 silly packumentCache full:https://registry.npmjs.org/normalize-path set size:undefined disposed:false
83 silly fetch manifest @alloc/quick-lru@^5.2.0
84 silly packumentCache full:https://registry.npmjs.org/@alloc%2fquick-lru cache-miss
85 http fetch GET 200 https://registry.npmjs.org/micromatch 434ms (cache miss)
86 silly packumentCache full:https://registry.npmjs.org/micromatch set size:undefined disposed:false
87 silly fetch manifest postcss-load-config@^4.0.1
88 silly packumentCache full:https://registry.npmjs.org/postcss-load-config cache-miss
89 http fetch GET 200 https://registry.npmjs.org/postcss-import 191ms (cache miss)
90 silly packumentCache full:https://registry.npmjs.org/postcss-import set size:undefined disposed:false
91 silly fetch manifest postcss-selector-parser@^6.0.11
92 silly packumentCache full:https://registry.npmjs.org/postcss-selector-parser cache-miss
93 http fetch GET 200 https://registry.npmjs.org/postcss 1302ms (cache miss)
94 silly packumentCache full:https://registry.npmjs.org/postcss set size:undefined disposed:false
95 http fetch GET 200 https://registry.npmjs.org/picocolors 416ms (cache miss)
96 silly packumentCache full:https://registry.npmjs.org/picocolors set size:undefined disposed:false
97 http fetch GET 200 https://registry.npmjs.org/object-hash 411ms (cache miss)
98 silly packumentCache full:https://registry.npmjs.org/object-hash set size:undefined disposed:false
99 http fetch GET 200 https://registry.npmjs.org/@alloc%2fquick-lru 245ms (cache miss)
100 silly packumentCache full:https://registry.npmjs.org/@alloc%2fquick-lru set size:undefined disposed:false
101 http fetch GET 200 https://registry.npmjs.org/postcss-selector-parser 198ms (cache miss)
102 silly packumentCache full:https://registry.npmjs.org/postcss-selector-parser set size:undefined disposed:false
103 http fetch GET 200 https://registry.npmjs.org/postcss-nested 400ms (cache miss)
104 silly packumentCache full:https://registry.npmjs.org/postcss-nested set size:undefined disposed:false
105 http fetch GET 200 https://registry.npmjs.org/postcss-load-config 415ms (cache miss)
106 silly packumentCache full:https://registry.npmjs.org/postcss-load-config set size:undefined disposed:false
107 silly fetch manifest ts-node@>=9.0.0
108 silly packumentCache full:https://registry.npmjs.org/ts-node cache-miss
109 http fetch GET 200 https://registry.npmjs.org/ts-node 410ms (cache miss)
110 silly packumentCache full:https://registry.npmjs.org/ts-node set size:undefined disposed:false
111 silly fetch manifest @swc/core@>=1.2.50
112 silly packumentCache full:https://registry.npmjs.org/@swc%2fcore cache-miss
113 http fetch GET 200 https://registry.npmjs.org/@swc%2fcore 1681ms (cache miss)
114 silly packumentCache full:https://registry.npmjs.org/@swc%2fcore set size:undefined disposed:false
115 silly fetch manifest @swc/helpers@>=0.5.17
116 silly packumentCache full:https://registry.npmjs.org/@swc%2fhelpers cache-miss
117 http fetch GET 200 https://registry.npmjs.org/@swc%2fhelpers 441ms (cache miss)
118 silly packumentCache full:https://registry.npmjs.org/@swc%2fhelpers set size:undefined disposed:false
119 silly fetch manifest @swc/wasm@>=1.2.50
120 silly packumentCache full:https://registry.npmjs.org/@swc%2fwasm cache-miss
121 http fetch GET 200 https://registry.npmjs.org/@swc%2fwasm 428ms (cache miss)
122 silly packumentCache full:https://registry.npmjs.org/@swc%2fwasm set size:undefined disposed:false
123 silly fetch manifest @types/node@*
124 silly packumentCache full:https://registry.npmjs.org/@types%2fnode cache-miss
125 http fetch GET 200 https://registry.npmjs.org/@types%2fnode 2472ms (cache miss)
126 silly packumentCache full:https://registry.npmjs.org/@types%2fnode set size:undefined disposed:false
127 silly fetch manifest typescript@>=2.7
128 silly packumentCache full:https://registry.npmjs.org/typescript cache-miss
129 http fetch GET 200 https://registry.npmjs.org/typescript 1765ms (cache miss)
130 silly packumentCache full:https://registry.npmjs.org/typescript set size:undefined disposed:false
131 silly placeDep ROOT @alloc/quick-lru@5.2.0 OK for: tailwindcss@3.4.4 want: ^5.2.0
132 silly placeDep ROOT arg@5.0.2 OK for: tailwindcss@3.4.4 want: ^5.0.2
133 silly placeDep ROOT chokidar@3.6.0 OK for: tailwindcss@3.4.4 want: ^3.5.3
134 silly placeDep ROOT didyoumean@1.2.2 OK for: tailwindcss@3.4.4 want: ^1.2.2
135 silly placeDep ROOT dlv@1.1.3 OK for: tailwindcss@3.4.4 want: ^1.1.3
136 silly placeDep ROOT fast-glob@3.3.3 OK for: tailwindcss@3.4.4 want: ^3.3.0
137 silly placeDep ROOT glob-parent@6.0.2 OK for: tailwindcss@3.4.4 want: ^6.0.2
138 silly placeDep ROOT is-glob@4.0.3 OK for: tailwindcss@3.4.4 want: ^4.0.3
139 silly placeDep ROOT jiti@1.21.7 OK for: tailwindcss@3.4.4 want: ^1.21.0
140 silly placeDep ROOT lilconfig@2.1.0 OK for: tailwindcss@3.4.4 want: ^2.1.0
141 silly placeDep ROOT micromatch@4.0.8 OK for: tailwindcss@3.4.4 want: ^4.0.5
142 silly placeDep ROOT normalize-path@3.0.0 OK for: tailwindcss@3.4.4 want: ^3.0.0
143 silly placeDep ROOT object-hash@3.0.0 OK for: tailwindcss@3.4.4 want: ^3.0.0
144 silly placeDep ROOT picocolors@1.1.1 OK for: tailwindcss@3.4.4 want: ^1.0.0
145 silly placeDep ROOT postcss@8.5.6 OK for: tailwindcss@3.4.4 want: ^8.4.23
146 silly placeDep ROOT postcss-import@15.1.0 OK for: tailwindcss@3.4.4 want: ^15.1.0
147 silly placeDep ROOT postcss-js@4.1.0 OK for: tailwindcss@3.4.4 want: ^4.0.1
148 silly placeDep ROOT postcss-load-config@4.0.2 OK for: tailwindcss@3.4.4 want: ^4.0.1
149 silly placeDep ROOT postcss-nested@6.2.0 OK for: tailwindcss@3.4.4 want: ^6.0.1
150 silly placeDep ROOT postcss-selector-parser@6.1.2 OK for: tailwindcss@3.4.4 want: ^6.0.11
151 silly placeDep ROOT resolve@1.22.11 OK for: tailwindcss@3.4.4 want: ^1.22.2
152 silly placeDep ROOT sucrase@3.35.0 OK for: tailwindcss@3.4.4 want: ^3.32.0
153 silly fetch manifest braces@~3.0.2
154 silly packumentCache full:https://registry.npmjs.org/braces cache-miss
155 silly fetch manifest is-glob@~4.0.1
156 silly packumentCache full:https://registry.npmjs.org/is-glob cache-miss
157 silly fetch manifest anymatch@~3.1.2
158 silly packumentCache full:https://registry.npmjs.org/anymatch cache-miss
159 silly fetch manifest readdirp@~3.6.0
160 silly packumentCache full:https://registry.npmjs.org/readdirp cache-miss
161 silly fetch manifest glob-parent@~5.1.2
162 silly packumentCache full:https://registry.npmjs.org/glob-parent cache-miss
163 silly fetch manifest is-binary-path@~2.1.0
164 silly packumentCache full:https://registry.npmjs.org/is-binary-path cache-miss
165 silly fetch manifest normalize-path@~3.0.0
166 silly packumentCache full:https://registry.npmjs.org/normalize-path cache-miss
167 http fetch GET 200 https://registry.npmjs.org/glob-parent 14ms (cache hit)
168 silly packumentCache full:https://registry.npmjs.org/glob-parent set size:42445 disposed:false
169 silly fetch manifest fsevents@~2.3.2
170 silly packumentCache full:https://registry.npmjs.org/fsevents cache-miss
171 http fetch GET 200 https://registry.npmjs.org/normalize-path 14ms (cache hit)
172 silly packumentCache full:https://registry.npmjs.org/normalize-path set size:28713 disposed:false
173 silly fetch manifest @nodelib/fs.stat@^2.0.2
174 silly packumentCache full:https://registry.npmjs.org/@nodelib%2ffs.stat cache-miss
175 http fetch GET 200 https://registry.npmjs.org/is-glob 21ms (cache hit)
176 silly packumentCache full:https://registry.npmjs.org/is-glob set size:40530 disposed:false
177 silly fetch manifest @nodelib/fs.walk@^1.2.3
178 silly packumentCache full:https://registry.npmjs.org/@nodelib%2ffs.walk cache-miss
179 http fetch GET 200 https://registry.npmjs.org/is-binary-path 202ms (cache miss)
180 silly packumentCache full:https://registry.npmjs.org/is-binary-path set size:undefined disposed:false
181 silly fetch manifest glob-parent@^5.1.2
182 silly packumentCache full:https://registry.npmjs.org/glob-parent cache-hit
183 silly fetch manifest merge2@^1.3.0
184 silly packumentCache full:https://registry.npmjs.org/merge2 cache-miss
185 http fetch GET 200 https://registry.npmjs.org/anymatch 229ms (cache miss)
186 silly packumentCache full:https://registry.npmjs.org/anymatch set size:undefined disposed:false
187 silly fetch manifest micromatch@^4.0.8
188 silly packumentCache full:https://registry.npmjs.org/micromatch cache-miss
189 http fetch GET 200 https://registry.npmjs.org/micromatch 4ms (cache hit)
190 silly packumentCache full:https://registry.npmjs.org/micromatch set size:240630 disposed:false
191 silly fetch manifest is-extglob@^2.1.1
192 silly packumentCache full:https://registry.npmjs.org/is-extglob cache-miss
193 http fetch GET 200 https://registry.npmjs.org/merge2 195ms (cache miss)
194 silly packumentCache full:https://registry.npmjs.org/merge2 set size:undefined disposed:false
195 silly fetch manifest braces@^3.0.3
196 silly packumentCache full:https://registry.npmjs.org/braces cache-miss
197 http fetch GET 200 https://registry.npmjs.org/fsevents 422ms (cache miss)
198 silly packumentCache full:https://registry.npmjs.org/fsevents set size:undefined disposed:false
199 silly fetch manifest picomatch@^2.3.1
200 silly packumentCache full:https://registry.npmjs.org/picomatch cache-miss
201 http fetch GET 200 https://registry.npmjs.org/is-extglob 207ms (cache miss)
202 silly packumentCache full:https://registry.npmjs.org/is-extglob set size:undefined disposed:false
203 silly fetch manifest nanoid@^3.3.11
204 silly packumentCache full:https://registry.npmjs.org/nanoid cache-miss
205 http fetch GET 200 https://registry.npmjs.org/@nodelib%2ffs.walk 531ms (cache miss)
206 silly packumentCache full:https://registry.npmjs.org/@nodelib%2ffs.walk set size:undefined disposed:false
207 silly fetch manifest source-map-js@^1.2.1
208 silly packumentCache full:https://registry.npmjs.org/source-map-js cache-miss
209 http fetch GET 200 https://registry.npmjs.org/braces 191ms (cache miss)
210 silly packumentCache full:https://registry.npmjs.org/braces set size:undefined disposed:false
211 silly fetch manifest resolve@^1.1.7
212 silly packumentCache full:https://registry.npmjs.org/resolve cache-miss
213 http fetch GET 200 https://registry.npmjs.org/resolve 6ms (cache hit)
214 silly packumentCache full:https://registry.npmjs.org/resolve set size:246681 disposed:false
215 silly fetch manifest read-cache@^1.0.0
216 silly packumentCache full:https://registry.npmjs.org/read-cache cache-miss
217 http fetch GET 200 https://registry.npmjs.org/readdirp 621ms (cache miss)
218 silly packumentCache full:https://registry.npmjs.org/readdirp set size:undefined disposed:false
219 silly fetch manifest postcss-value-parser@^4.0.0
220 silly packumentCache full:https://registry.npmjs.org/postcss-value-parser cache-miss
221 http fetch GET 200 https://registry.npmjs.org/picomatch 238ms (cache miss)
222 silly packumentCache full:https://registry.npmjs.org/picomatch set size:undefined disposed:false
223 silly fetch manifest camelcase-css@^2.0.1
224 silly packumentCache full:https://registry.npmjs.org/camelcase-css cache-miss
225 http fetch GET 200 https://registry.npmjs.org/read-cache 200ms (cache miss)
226 silly packumentCache full:https://registry.npmjs.org/read-cache set size:undefined disposed:false
227 silly fetch manifest yaml@^2.3.4
228 silly packumentCache full:https://registry.npmjs.org/yaml cache-miss
229 http fetch GET 200 https://registry.npmjs.org/@nodelib%2ffs.stat 863ms (cache miss)
230 silly packumentCache full:https://registry.npmjs.org/@nodelib%2ffs.stat set size:undefined disposed:false
231 silly fetch manifest lilconfig@^3.0.0
232 silly packumentCache full:https://registry.npmjs.org/lilconfig cache-miss
233 http fetch GET 200 https://registry.npmjs.org/lilconfig 3ms (cache hit)
234 silly packumentCache full:https://registry.npmjs.org/lilconfig set size:45636 disposed:false
235 silly fetch manifest postcss-selector-parser@^6.1.1
236 silly packumentCache full:https://registry.npmjs.org/postcss-selector-parser cache-miss
237 http fetch GET 200 https://registry.npmjs.org/postcss-selector-parser 2ms (cache hit)
238 silly packumentCache full:https://registry.npmjs.org/postcss-selector-parser set size:174136 disposed:false
239 silly fetch manifest cssesc@^3.0.0
240 silly packumentCache full:https://registry.npmjs.org/cssesc cache-miss
241 http fetch GET 200 https://registry.npmjs.org/camelcase-css 224ms (cache miss)
242 silly packumentCache full:https://registry.npmjs.org/camelcase-css set size:undefined disposed:false
243 silly fetch manifest util-deprecate@^1.0.2
244 silly packumentCache full:https://registry.npmjs.org/util-deprecate cache-miss
245 http fetch GET 200 https://registry.npmjs.org/nanoid 497ms (cache miss)
246 silly packumentCache full:https://registry.npmjs.org/nanoid set size:undefined disposed:false
247 silly fetch manifest is-core-module@^2.16.1
248 silly packumentCache full:https://registry.npmjs.org/is-core-module cache-miss
249 http fetch GET 200 https://registry.npmjs.org/cssesc 193ms (cache miss)
250 silly packumentCache full:https://registry.npmjs.org/cssesc set size:undefined disposed:false
251 silly fetch manifest path-parse@^1.0.7
252 silly packumentCache full:https://registry.npmjs.org/path-parse cache-miss
253 http fetch GET 200 https://registry.npmjs.org/util-deprecate 213ms (cache miss)
254 silly packumentCache full:https://registry.npmjs.org/util-deprecate set size:undefined disposed:false
255 silly fetch manifest supports-preserve-symlinks-flag@^1.0.0
256 silly packumentCache full:https://registry.npmjs.org/supports-preserve-symlinks-flag cache-miss
257 http fetch GET 200 https://registry.npmjs.org/yaml 408ms (cache miss)
258 silly packumentCache full:https://registry.npmjs.org/yaml set size:undefined disposed:false
259 silly fetch manifest @jridgewell/gen-mapping@^0.3.2
260 silly packumentCache full:https://registry.npmjs.org/@jridgewell%2fgen-mapping cache-miss
261 http fetch GET 200 https://registry.npmjs.org/source-map-js 676ms (cache miss)
262 silly packumentCache full:https://registry.npmjs.org/source-map-js set size:undefined disposed:false
263 silly fetch manifest commander@^4.0.0
264 silly packumentCache full:https://registry.npmjs.org/commander cache-miss
265 http fetch GET 200 https://registry.npmjs.org/postcss-value-parser 609ms (cache miss)
266 silly packumentCache full:https://registry.npmjs.org/postcss-value-parser set size:undefined disposed:false
267 silly fetch manifest glob@^10.3.10
268 silly packumentCache full:https://registry.npmjs.org/glob cache-miss
269 http fetch GET 200 https://registry.npmjs.org/path-parse 185ms (cache miss)
270 silly packumentCache full:https://registry.npmjs.org/path-parse set size:undefined disposed:false
271 silly fetch manifest lines-and-columns@^1.1.6
272 silly packumentCache full:https://registry.npmjs.org/lines-and-columns cache-miss
273 http fetch GET 200 https://registry.npmjs.org/supports-preserve-symlinks-flag 195ms (cache miss)
274 silly packumentCache full:https://registry.npmjs.org/supports-preserve-symlinks-flag set size:undefined disposed:false
275 silly fetch manifest mz@^2.7.0
276 silly packumentCache full:https://registry.npmjs.org/mz cache-miss
277 http fetch GET 200 https://registry.npmjs.org/is-core-module 398ms (cache miss)
278 silly packumentCache full:https://registry.npmjs.org/is-core-module set size:undefined disposed:false
279 silly fetch manifest pirates@^4.0.1
280 silly packumentCache full:https://registry.npmjs.org/pirates cache-miss
281 http fetch GET 200 https://registry.npmjs.org/commander 209ms (cache miss)
282 silly packumentCache full:https://registry.npmjs.org/commander set size:undefined disposed:false
283 silly fetch manifest ts-interface-checker@^0.1.9
284 silly packumentCache full:https://registry.npmjs.org/ts-interface-checker cache-miss
285 http fetch GET 200 https://registry.npmjs.org/@jridgewell%2fgen-mapping 225ms (cache miss)
286 silly packumentCache full:https://registry.npmjs.org/@jridgewell%2fgen-mapping set size:undefined disposed:false
287 http fetch GET 200 https://registry.npmjs.org/mz 207ms (cache miss)
288 silly packumentCache full:https://registry.npmjs.org/mz set size:undefined disposed:false
289 http fetch GET 200 https://registry.npmjs.org/lines-and-columns 400ms (cache miss)
290 silly packumentCache full:https://registry.npmjs.org/lines-and-columns set size:undefined disposed:false
291 http fetch GET 200 https://registry.npmjs.org/glob 476ms (cache miss)
292 silly packumentCache full:https://registry.npmjs.org/glob set size:undefined disposed:false
293 http fetch GET 200 https://registry.npmjs.org/braces 1751ms (cache miss)
294 silly packumentCache full:https://registry.npmjs.org/braces set size:undefined disposed:false
295 http fetch GET 200 https://registry.npmjs.org/pirates 402ms (cache miss)
296 silly packumentCache full:https://registry.npmjs.org/pirates set size:undefined disposed:false
297 http fetch GET 200 https://registry.npmjs.org/ts-interface-checker 549ms (cache miss)
298 silly packumentCache full:https://registry.npmjs.org/ts-interface-checker set size:undefined disposed:false
299 silly placeDep ROOT anymatch@3.1.3 OK for: chokidar@3.6.0 want: ~3.1.2
300 silly placeDep ROOT braces@3.0.3 OK for: chokidar@3.6.0 want: ~3.0.2
301 silly placeDep ROOT fsevents@2.3.3 OK for: chokidar@3.6.0 want: ~2.3.2
302 silly placeDep node_modules/chokidar glob-parent@5.1.2 OK for: chokidar@3.6.0 want: ~5.1.2
303 silly placeDep ROOT is-binary-path@2.1.0 OK for: chokidar@3.6.0 want: ~2.1.0
304 silly placeDep ROOT readdirp@3.6.0 OK for: chokidar@3.6.0 want: ~3.6.0
305 silly fetch manifest picomatch@^2.0.4
306 silly packumentCache full:https://registry.npmjs.org/picomatch cache-miss
307 silly fetch manifest fill-range@^7.1.1
308 silly packumentCache full:https://registry.npmjs.org/fill-range cache-miss
309 silly fetch manifest binary-extensions@^2.0.0
310 silly packumentCache full:https://registry.npmjs.org/binary-extensions cache-miss
311 silly fetch manifest picomatch@^2.2.1
312 silly packumentCache full:https://registry.npmjs.org/picomatch cache-miss
313 http fetch GET 200 https://registry.npmjs.org/picomatch 8ms (cache hit)
314 silly packumentCache full:https://registry.npmjs.org/picomatch set size:118818 disposed:false
315 http fetch GET 200 https://registry.npmjs.org/picomatch 13ms (cache hit)
316 silly packumentCache full:https://registry.npmjs.org/picomatch set size:118818 disposed:false
317 silly packumentCache full:https://registry.npmjs.org/picomatch dispose
318 http fetch GET 200 https://registry.npmjs.org/fill-range 202ms (cache miss)
319 silly packumentCache full:https://registry.npmjs.org/fill-range set size:undefined disposed:false
320 http fetch GET 200 https://registry.npmjs.org/binary-extensions 225ms (cache miss)
321 silly packumentCache full:https://registry.npmjs.org/binary-extensions set size:undefined disposed:false
322 silly placeDep ROOT picomatch@2.3.1 OK for: anymatch@3.1.3 want: ^2.0.4
323 silly placeDep ROOT fill-range@7.1.1 OK for: braces@3.0.3 want: ^7.1.1
324 silly fetch manifest to-regex-range@^5.0.1
325 silly packumentCache full:https://registry.npmjs.org/to-regex-range cache-miss
326 http fetch GET 200 https://registry.npmjs.org/to-regex-range 394ms (cache miss)
327 silly packumentCache full:https://registry.npmjs.org/to-regex-range set size:undefined disposed:false
328 silly placeDep ROOT @nodelib/fs.stat@2.0.5 OK for: fast-glob@3.3.3 want: ^2.0.2
329 silly placeDep ROOT @nodelib/fs.walk@1.2.8 OK for: fast-glob@3.3.3 want: ^1.2.3
330 silly placeDep node_modules/fast-glob glob-parent@5.1.2 OK for: fast-glob@3.3.3 want: ^5.1.2
331 silly placeDep ROOT merge2@1.4.1 OK for: fast-glob@3.3.3 want: ^1.3.0
332 silly fetch manifest fastq@^1.6.0
333 silly packumentCache full:https://registry.npmjs.org/fastq cache-miss
334 silly fetch manifest @nodelib/fs.scandir@2.1.5
335 silly packumentCache full:https://registry.npmjs.org/@nodelib%2ffs.scandir cache-miss
336 http fetch GET 200 https://registry.npmjs.org/@nodelib%2ffs.scandir 438ms (cache miss)
337 silly packumentCache full:https://registry.npmjs.org/@nodelib%2ffs.scandir set size:undefined disposed:false
338 http fetch GET 200 https://registry.npmjs.org/fastq 1106ms (cache miss)
339 silly packumentCache full:https://registry.npmjs.org/fastq set size:undefined disposed:false
340 silly placeDep ROOT @nodelib/fs.scandir@2.1.5 OK for: @nodelib/fs.walk@1.2.8 want: 2.1.5
341 silly placeDep ROOT fastq@1.19.1 OK for: @nodelib/fs.walk@1.2.8 want: ^1.6.0
342 silly fetch manifest run-parallel@^1.1.9
343 silly packumentCache full:https://registry.npmjs.org/run-parallel cache-miss
344 silly fetch manifest reusify@^1.0.4
345 silly packumentCache full:https://registry.npmjs.org/reusify cache-miss
346 http fetch GET 200 https://registry.npmjs.org/run-parallel 266ms (cache miss)
347 silly packumentCache full:https://registry.npmjs.org/run-parallel set size:undefined disposed:false
348 http fetch GET 200 https://registry.npmjs.org/reusify 381ms (cache miss)
349 silly packumentCache full:https://registry.npmjs.org/reusify set size:undefined disposed:false
350 silly placeDep ROOT run-parallel@1.2.0 OK for: @nodelib/fs.scandir@2.1.5 want: ^1.1.9
351 silly fetch manifest queue-microtask@^1.2.2
352 silly packumentCache full:https://registry.npmjs.org/queue-microtask cache-miss
353 http fetch GET 200 https://registry.npmjs.org/queue-microtask 196ms (cache miss)
354 silly packumentCache full:https://registry.npmjs.org/queue-microtask set size:undefined disposed:false
355 silly placeDep ROOT reusify@1.1.0 OK for: fastq@1.19.1 want: ^1.0.4
356 silly placeDep ROOT to-regex-range@5.0.1 OK for: fill-range@7.1.1 want: ^5.0.1
357 silly fetch manifest is-number@^7.0.0
358 silly packumentCache full:https://registry.npmjs.org/is-number cache-miss
359 http fetch GET 200 https://registry.npmjs.org/is-number 205ms (cache miss)
360 silly packumentCache full:https://registry.npmjs.org/is-number set size:undefined disposed:false
361 silly placeDep ROOT binary-extensions@2.3.0 OK for: is-binary-path@2.1.0 want: ^2.0.0
362 silly placeDep ROOT is-extglob@2.1.1 OK for: is-glob@4.0.3 want: ^2.1.1
363 silly placeDep ROOT nanoid@3.3.11 OK for: postcss@8.5.6 want: ^3.3.11
364 silly placeDep ROOT source-map-js@1.2.1 OK for: postcss@8.5.6 want: ^1.2.1
365 silly placeDep ROOT postcss-value-parser@4.2.0 OK for: postcss-import@15.1.0 want: ^4.0.0
366 silly placeDep ROOT read-cache@1.0.0 OK for: postcss-import@15.1.0 want: ^1.0.0
367 silly fetch manifest pify@^2.3.0
368 silly packumentCache full:https://registry.npmjs.org/pify cache-miss
369 http fetch GET 200 https://registry.npmjs.org/pify 199ms (cache miss)
370 silly packumentCache full:https://registry.npmjs.org/pify set size:undefined disposed:false
371 silly placeDep ROOT camelcase-css@2.0.1 OK for: postcss-js@4.1.0 want: ^2.0.1
372 silly placeDep node_modules/postcss-load-config lilconfig@3.1.3 OK for: postcss-load-config@4.0.2 want: ^3.0.0
373 silly placeDep ROOT yaml@2.8.1 OK for: postcss-load-config@4.0.2 want: ^2.3.4
374 silly placeDep ROOT cssesc@3.0.0 OK for: postcss-selector-parser@6.1.2 want: ^3.0.0
375 silly placeDep ROOT util-deprecate@1.0.2 OK for: postcss-selector-parser@6.1.2 want: ^1.0.2
376 silly placeDep ROOT pify@2.3.0 OK for: read-cache@1.0.0 want: ^2.3.0
377 silly placeDep ROOT is-core-module@2.16.1 OK for: resolve@1.22.11 want: ^2.16.1
378 silly placeDep ROOT path-parse@1.0.7 OK for: resolve@1.22.11 want: ^1.0.7
379 silly placeDep ROOT supports-preserve-symlinks-flag@1.0.0 OK for: resolve@1.22.11 want: ^1.0.0
380 silly fetch manifest hasown@^2.0.2
381 silly packumentCache full:https://registry.npmjs.org/hasown cache-miss
382 http fetch GET 200 https://registry.npmjs.org/hasown 412ms (cache miss)
383 silly packumentCache full:https://registry.npmjs.org/hasown set size:undefined disposed:false
384 silly placeDep ROOT hasown@2.0.2 OK for: is-core-module@2.16.1 want: ^2.0.2
385 silly fetch manifest function-bind@^1.1.2
386 silly packumentCache full:https://registry.npmjs.org/function-bind cache-miss
387 http fetch GET 200 https://registry.npmjs.org/function-bind 303ms (cache miss)
388 silly packumentCache full:https://registry.npmjs.org/function-bind set size:undefined disposed:false
389 silly placeDep ROOT function-bind@1.1.2 OK for: hasown@2.0.2 want: ^1.1.2
390 silly placeDep ROOT queue-microtask@1.2.3 OK for: run-parallel@1.2.0 want: ^1.2.2
391 silly placeDep ROOT @jridgewell/gen-mapping@0.3.13 OK for: sucrase@3.35.0 want: ^0.3.2
392 silly placeDep ROOT commander@4.1.1 OK for: sucrase@3.35.0 want: ^4.0.0
393 silly placeDep ROOT glob@10.4.5 OK for: sucrase@3.35.0 want: ^10.3.10
394 silly placeDep ROOT lines-and-columns@1.2.4 OK for: sucrase@3.35.0 want: ^1.1.6
395 silly placeDep ROOT mz@2.7.0 OK for: sucrase@3.35.0 want: ^2.7.0
396 silly placeDep ROOT pirates@4.0.7 OK for: sucrase@3.35.0 want: ^4.0.1
397 silly placeDep ROOT ts-interface-checker@0.1.13 OK for: sucrase@3.35.0 want: ^0.1.9
398 silly fetch manifest @jridgewell/sourcemap-codec@^1.5.0
399 silly packumentCache full:https://registry.npmjs.org/@jridgewell%2fsourcemap-codec cache-miss
400 silly fetch manifest @jridgewell/trace-mapping@^0.3.24
401 silly packumentCache full:https://registry.npmjs.org/@jridgewell%2ftrace-mapping cache-miss
402 silly fetch manifest minipass@^7.1.2
403 silly packumentCache full:https://registry.npmjs.org/minipass cache-miss
404 silly fetch manifest jackspeak@^3.1.2
405 silly packumentCache full:https://registry.npmjs.org/jackspeak cache-miss
406 silly fetch manifest minimatch@^9.0.4
407 silly packumentCache full:https://registry.npmjs.org/minimatch cache-miss
408 silly fetch manifest path-scurry@^1.11.1
409 silly packumentCache full:https://registry.npmjs.org/path-scurry cache-miss
410 silly fetch manifest foreground-child@^3.1.0
411 silly packumentCache full:https://registry.npmjs.org/foreground-child cache-miss
412 http fetch GET 200 https://registry.npmjs.org/minipass 225ms (cache miss)
413 silly packumentCache full:https://registry.npmjs.org/minipass set size:undefined disposed:false
414 silly fetch manifest package-json-from-dist@^1.0.0
415 silly packumentCache full:https://registry.npmjs.org/package-json-from-dist cache-miss
416 http fetch GET 200 https://registry.npmjs.org/minimatch 271ms (cache miss)
417 silly packumentCache full:https://registry.npmjs.org/minimatch set size:undefined disposed:false
418 silly fetch manifest any-promise@^1.0.0
419 silly packumentCache full:https://registry.npmjs.org/any-promise cache-miss
420 http fetch GET 200 https://registry.npmjs.org/package-json-from-dist 190ms (cache miss)
421 silly packumentCache full:https://registry.npmjs.org/package-json-from-dist set size:undefined disposed:false
422 silly fetch manifest object-assign@^4.0.1
423 silly packumentCache full:https://registry.npmjs.org/object-assign cache-miss
424 http fetch GET 200 https://registry.npmjs.org/any-promise 188ms (cache miss)
425 silly packumentCache full:https://registry.npmjs.org/any-promise set size:undefined disposed:false
426 silly fetch manifest thenify-all@^1.0.0
427 silly packumentCache full:https://registry.npmjs.org/thenify-all cache-miss
428 http fetch GET 200 https://registry.npmjs.org/@jridgewell%2fsourcemap-codec 477ms (cache miss)
429 silly packumentCache full:https://registry.npmjs.org/@jridgewell%2fsourcemap-codec set size:undefined disposed:false
430 http fetch GET 200 https://registry.npmjs.org/object-assign 206ms (cache miss)
431 silly packumentCache full:https://registry.npmjs.org/object-assign set size:undefined disposed:false
432 http fetch GET 200 https://registry.npmjs.org/foreground-child 697ms (cache miss)
433 silly packumentCache full:https://registry.npmjs.org/foreground-child set size:undefined disposed:false
434 http fetch GET 200 https://registry.npmjs.org/thenify-all 393ms (cache miss)
435 silly packumentCache full:https://registry.npmjs.org/thenify-all set size:undefined disposed:false
436 http fetch GET 200 https://registry.npmjs.org/jackspeak 937ms (cache miss)
437 silly packumentCache full:https://registry.npmjs.org/jackspeak set size:undefined disposed:false
438 http fetch GET 200 https://registry.npmjs.org/@jridgewell%2ftrace-mapping 1344ms (cache miss)
439 silly packumentCache full:https://registry.npmjs.org/@jridgewell%2ftrace-mapping set size:undefined disposed:false
440 http fetch GET 200 https://registry.npmjs.org/path-scurry 1970ms (cache miss)
441 silly packumentCache full:https://registry.npmjs.org/path-scurry set size:undefined disposed:false
442 silly placeDep ROOT @jridgewell/sourcemap-codec@1.5.5 OK for: @jridgewell/gen-mapping@0.3.13 want: ^1.5.0
443 silly placeDep ROOT @jridgewell/trace-mapping@0.3.31 OK for: @jridgewell/gen-mapping@0.3.13 want: ^0.3.24
444 silly fetch manifest @jridgewell/resolve-uri@^3.1.0
445 silly packumentCache full:https://registry.npmjs.org/@jridgewell%2fresolve-uri cache-miss
446 http fetch GET 200 https://registry.npmjs.org/@jridgewell%2fresolve-uri 465ms (cache miss)
447 silly packumentCache full:https://registry.npmjs.org/@jridgewell%2fresolve-uri set size:undefined disposed:false
448 silly placeDep ROOT @jridgewell/resolve-uri@3.1.2 OK for: @jridgewell/trace-mapping@0.3.31 want: ^3.1.0
449 silly placeDep ROOT foreground-child@3.3.1 OK for: glob@10.4.5 want: ^3.1.0
450 silly placeDep ROOT jackspeak@3.4.3 OK for: glob@10.4.5 want: ^3.1.2
451 silly placeDep ROOT minimatch@9.0.5 OK for: glob@10.4.5 want: ^9.0.4
452 silly placeDep ROOT minipass@7.1.2 OK for: glob@10.4.5 want: ^7.1.2
453 silly placeDep ROOT package-json-from-dist@1.0.1 OK for: glob@10.4.5 want: ^1.0.0
454 silly placeDep ROOT path-scurry@1.11.1 OK for: glob@10.4.5 want: ^1.11.1
455 silly fetch manifest cross-spawn@^7.0.6
456 silly packumentCache full:https://registry.npmjs.org/cross-spawn cache-miss
457 silly fetch manifest signal-exit@^4.0.1
458 silly packumentCache full:https://registry.npmjs.org/signal-exit cache-miss
459 silly fetch manifest @isaacs/cliui@^8.0.2
460 silly packumentCache full:https://registry.npmjs.org/@isaacs%2fcliui cache-miss
461 silly fetch manifest @pkgjs/parseargs@^0.11.0
462 silly packumentCache full:https://registry.npmjs.org/@pkgjs%2fparseargs cache-miss
463 silly fetch manifest brace-expansion@^2.0.1
464 silly packumentCache full:https://registry.npmjs.org/brace-expansion cache-miss
465 silly fetch manifest lru-cache@^10.2.0
466 silly packumentCache full:https://registry.npmjs.org/lru-cache cache-miss
467 http fetch GET 200 https://registry.npmjs.org/cross-spawn 218ms (cache miss)
468 silly packumentCache full:https://registry.npmjs.org/cross-spawn set size:undefined disposed:false
469 http fetch GET 200 https://registry.npmjs.org/@pkgjs%2fparseargs 279ms (cache miss)
470 silly packumentCache full:https://registry.npmjs.org/@pkgjs%2fparseargs set size:undefined disposed:false
471 http fetch GET 200 https://registry.npmjs.org/@isaacs%2fcliui 373ms (cache miss)
472 silly packumentCache full:https://registry.npmjs.org/@isaacs%2fcliui set size:undefined disposed:false
473 http fetch GET 200 https://registry.npmjs.org/brace-expansion 426ms (cache miss)
474 silly packumentCache full:https://registry.npmjs.org/brace-expansion set size:undefined disposed:false
475 http fetch GET 200 https://registry.npmjs.org/signal-exit 431ms (cache miss)
476 silly packumentCache full:https://registry.npmjs.org/signal-exit set size:undefined disposed:false
477 http fetch GET 200 https://registry.npmjs.org/lru-cache 4012ms (cache miss)
478 silly packumentCache full:https://registry.npmjs.org/lru-cache set size:undefined disposed:false
479 silly placeDep ROOT cross-spawn@7.0.6 OK for: foreground-child@3.3.1 want: ^7.0.6
480 silly placeDep ROOT signal-exit@4.1.0 OK for: foreground-child@3.3.1 want: ^4.0.1
481 silly fetch manifest which@^2.0.1
482 silly packumentCache full:https://registry.npmjs.org/which cache-miss
483 silly fetch manifest path-key@^3.1.0
484 silly packumentCache full:https://registry.npmjs.org/path-key cache-miss
485 silly fetch manifest shebang-command@^2.0.0
486 silly packumentCache full:https://registry.npmjs.org/shebang-command cache-miss
487 http fetch GET 200 https://registry.npmjs.org/shebang-command 238ms (cache miss)
488 silly packumentCache full:https://registry.npmjs.org/shebang-command set size:undefined disposed:false
489 http fetch GET 200 https://registry.npmjs.org/path-key 430ms (cache miss)
490 silly packumentCache full:https://registry.npmjs.org/path-key set size:undefined disposed:false
491 http fetch GET 200 https://registry.npmjs.org/which 464ms (cache miss)
492 silly packumentCache full:https://registry.npmjs.org/which set size:undefined disposed:false
493 silly placeDep ROOT path-key@3.1.1 OK for: cross-spawn@7.0.6 want: ^3.1.0
494 silly placeDep ROOT shebang-command@2.0.0 OK for: cross-spawn@7.0.6 want: ^2.0.0
495 silly placeDep ROOT which@2.0.2 OK for: cross-spawn@7.0.6 want: ^2.0.1
496 silly fetch manifest shebang-regex@^3.0.0
497 silly packumentCache full:https://registry.npmjs.org/shebang-regex cache-miss
498 silly fetch manifest isexe@^2.0.0
499 silly packumentCache full:https://registry.npmjs.org/isexe cache-miss
500 http fetch GET 200 https://registry.npmjs.org/isexe 322ms (cache miss)
501 silly packumentCache full:https://registry.npmjs.org/isexe set size:undefined disposed:false
502 http fetch GET 200 https://registry.npmjs.org/shebang-regex 425ms (cache miss)
503 silly packumentCache full:https://registry.npmjs.org/shebang-regex set size:undefined disposed:false
504 silly placeDep ROOT @isaacs/cliui@8.0.2 OK for: jackspeak@3.4.3 want: ^8.0.2
505 silly placeDep ROOT @pkgjs/parseargs@0.11.0 OK for: jackspeak@3.4.3 want: ^0.11.0
506 silly fetch manifest string-width@^5.1.2
507 silly packumentCache full:https://registry.npmjs.org/string-width cache-miss
508 silly fetch manifest string-width-cjs@npm:string-width@^4.2.0
509 silly packumentCache full:https://registry.npmjs.org/string-width cache-miss
510 silly fetch manifest strip-ansi@^7.0.1
511 silly packumentCache full:https://registry.npmjs.org/strip-ansi cache-miss
512 silly fetch manifest strip-ansi-cjs@npm:strip-ansi@^6.0.1
513 silly packumentCache full:https://registry.npmjs.org/strip-ansi cache-miss
514 silly fetch manifest wrap-ansi@^8.1.0
515 silly packumentCache full:https://registry.npmjs.org/wrap-ansi cache-miss
516 silly fetch manifest wrap-ansi-cjs@npm:wrap-ansi@^7.0.0
517 silly packumentCache full:https://registry.npmjs.org/wrap-ansi cache-miss
518 http fetch GET 200 https://registry.npmjs.org/strip-ansi 228ms (cache miss)
519 silly packumentCache full:https://registry.npmjs.org/strip-ansi set size:undefined disposed:false
520 http fetch GET 200 https://registry.npmjs.org/strip-ansi 241ms (cache miss)
521 silly packumentCache full:https://registry.npmjs.org/strip-ansi set size:undefined disposed:false
522 http fetch GET 200 https://registry.npmjs.org/wrap-ansi 276ms (cache miss)
523 silly packumentCache full:https://registry.npmjs.org/wrap-ansi set size:undefined disposed:false
524 http fetch GET 200 https://registry.npmjs.org/wrap-ansi 541ms (cache miss)
525 silly packumentCache full:https://registry.npmjs.org/wrap-ansi set size:undefined disposed:false
526 http fetch GET 200 https://registry.npmjs.org/string-width 561ms (cache miss)
527 silly packumentCache full:https://registry.npmjs.org/string-width set size:undefined disposed:false
528 http fetch GET 200 https://registry.npmjs.org/string-width 645ms (cache miss)
529 silly packumentCache full:https://registry.npmjs.org/string-width set size:undefined disposed:false
530 silly placeDep ROOT string-width@5.1.2 OK for: @isaacs/cliui@8.0.2 want: ^5.1.2
531 silly placeDep ROOT string-width-cjs@4.2.3 OK for: @isaacs/cliui@8.0.2 want: npm:string-width@^4.2.0
532 silly placeDep ROOT strip-ansi@7.1.2 OK for: @isaacs/cliui@8.0.2 want: ^7.0.1
533 silly placeDep ROOT strip-ansi-cjs@6.0.1 OK for: @isaacs/cliui@8.0.2 want: npm:strip-ansi@^6.0.1
534 silly placeDep ROOT wrap-ansi@8.1.0 OK for: @isaacs/cliui@8.0.2 want: ^8.1.0
535 silly placeDep ROOT wrap-ansi-cjs@7.0.0 OK for: @isaacs/cliui@8.0.2 want: npm:wrap-ansi@^7.0.0
536 silly fetch manifest emoji-regex@^9.2.2
537 silly packumentCache full:https://registry.npmjs.org/emoji-regex cache-miss
538 silly fetch manifest eastasianwidth@^0.2.0
539 silly packumentCache full:https://registry.npmjs.org/eastasianwidth cache-miss
540 silly fetch manifest strip-ansi@^6.0.1
541 silly packumentCache full:https://registry.npmjs.org/strip-ansi cache-miss
542 silly fetch manifest emoji-regex@^8.0.0
543 silly packumentCache full:https://registry.npmjs.org/emoji-regex cache-miss
544 silly fetch manifest is-fullwidth-code-point@^3.0.0
545 silly packumentCache full:https://registry.npmjs.org/is-fullwidth-code-point cache-miss
546 silly fetch manifest ansi-regex@^6.0.1
547 silly packumentCache full:https://registry.npmjs.org/ansi-regex cache-miss
548 silly fetch manifest ansi-regex@^5.0.1
549 silly packumentCache full:https://registry.npmjs.org/ansi-regex cache-miss
550 http fetch GET 200 https://registry.npmjs.org/strip-ansi 13ms (cache hit)
551 silly packumentCache full:https://registry.npmjs.org/strip-ansi set size:41855 disposed:false
552 silly fetch manifest ansi-styles@^6.1.0
553 silly packumentCache full:https://registry.npmjs.org/ansi-styles cache-miss
554 http fetch GET 200 https://registry.npmjs.org/eastasianwidth 214ms (cache miss)
555 silly packumentCache full:https://registry.npmjs.org/eastasianwidth set size:undefined disposed:false
556 silly fetch manifest strip-ansi@^6.0.0
557 silly packumentCache full:https://registry.npmjs.org/strip-ansi cache-hit
558 silly fetch manifest ansi-styles@^4.0.0
559 silly packumentCache full:https://registry.npmjs.org/ansi-styles cache-miss
560 http fetch GET 200 https://registry.npmjs.org/ansi-styles 213ms (cache miss)
561 silly packumentCache full:https://registry.npmjs.org/ansi-styles set size:undefined disposed:false
562 silly fetch manifest string-width@^4.1.0
563 silly packumentCache full:https://registry.npmjs.org/string-width cache-miss
564 http fetch GET 200 https://registry.npmjs.org/string-width 4ms (cache hit)
565 silly packumentCache full:https://registry.npmjs.org/string-width set size:64158 disposed:false
566 http fetch GET 200 https://registry.npmjs.org/ansi-regex 495ms (cache miss)
567 silly packumentCache full:https://registry.npmjs.org/ansi-regex set size:undefined disposed:false
568 http fetch GET 200 https://registry.npmjs.org/ansi-regex 585ms (cache miss)
569 silly packumentCache full:https://registry.npmjs.org/ansi-regex set size:undefined disposed:false
570 http fetch GET 200 https://registry.npmjs.org/emoji-regex 622ms (cache miss)
571 silly packumentCache full:https://registry.npmjs.org/emoji-regex set size:undefined disposed:false
572 http fetch GET 200 https://registry.npmjs.org/is-fullwidth-code-point 768ms (cache miss)
573 silly packumentCache full:https://registry.npmjs.org/is-fullwidth-code-point set size:undefined disposed:false
574 http fetch GET 200 https://registry.npmjs.org/ansi-styles 785ms (cache miss)
575 silly packumentCache full:https://registry.npmjs.org/ansi-styles set size:undefined disposed:false
576 http fetch GET 200 https://registry.npmjs.org/emoji-regex 1328ms (cache miss)
577 silly packumentCache full:https://registry.npmjs.org/emoji-regex set size:undefined disposed:false
578 silly placeDep ROOT brace-expansion@2.0.2 OK for: minimatch@9.0.5 want: ^2.0.1
579 silly fetch manifest balanced-match@^1.0.0
580 silly packumentCache full:https://registry.npmjs.org/balanced-match cache-miss
581 http fetch GET 200 https://registry.npmjs.org/balanced-match 201ms (cache miss)
582 silly packumentCache full:https://registry.npmjs.org/balanced-match set size:undefined disposed:false
583 silly placeDep ROOT balanced-match@1.0.2 OK for: brace-expansion@2.0.2 want: ^1.0.0
584 silly placeDep ROOT any-promise@1.3.0 OK for: mz@2.7.0 want: ^1.0.0
585 silly placeDep ROOT object-assign@4.1.1 OK for: mz@2.7.0 want: ^4.0.1
586 silly placeDep ROOT thenify-all@1.6.0 OK for: mz@2.7.0 want: ^1.0.0
587 silly fetch manifest thenify@>= 3.1.0 < 4
588 silly packumentCache full:https://registry.npmjs.org/thenify cache-miss
589 http fetch GET 200 https://registry.npmjs.org/thenify 311ms (cache miss)
590 silly packumentCache full:https://registry.npmjs.org/thenify set size:undefined disposed:false
591 silly placeDep ROOT lru-cache@10.4.3 OK for: path-scurry@1.11.1 want: ^10.2.0
592 silly placeDep ROOT shebang-regex@3.0.0 OK for: shebang-command@2.0.0 want: ^3.0.0
593 silly placeDep ROOT eastasianwidth@0.2.0 OK for: string-width@5.1.2 want: ^0.2.0
594 silly placeDep ROOT emoji-regex@9.2.2 OK for: string-width@5.1.2 want: ^9.2.2
595 silly placeDep node_modules/string-width-cjs emoji-regex@8.0.0 OK for: string-width@4.2.3 want: ^8.0.0
596 silly placeDep ROOT is-fullwidth-code-point@3.0.0 OK for: string-width@4.2.3 want: ^3.0.0
597 silly placeDep node_modules/string-width-cjs strip-ansi@6.0.1 OK for: string-width@4.2.3 want: ^6.0.1
598 silly placeDep ROOT ansi-regex@6.2.2 OK for: strip-ansi@7.1.2 want: ^6.0.1
599 silly placeDep node_modules/strip-ansi-cjs ansi-regex@5.0.1 OK for: strip-ansi@6.0.1 want: ^5.0.1
600 silly placeDep ROOT thenify@3.3.1 OK for: thenify-all@1.6.0 want: >= 3.1.0 < 4
601 silly placeDep ROOT is-number@7.0.0 OK for: to-regex-range@5.0.1 want: ^7.0.0
602 silly placeDep ROOT isexe@2.0.0 OK for: which@2.0.2 want: ^2.0.0
603 silly placeDep ROOT ansi-styles@6.2.3 OK for: wrap-ansi@8.1.0 want: ^6.1.0
604 silly placeDep node_modules/wrap-ansi-cjs ansi-styles@4.3.0 OK for: wrap-ansi@7.0.0 want: ^4.0.0
605 silly placeDep node_modules/wrap-ansi-cjs string-width@4.2.3 OK for: wrap-ansi@7.0.0 want: ^4.1.0
606 silly placeDep node_modules/wrap-ansi-cjs strip-ansi@6.0.1 OK for: wrap-ansi@7.0.0 want: ^6.0.0
607 silly fetch manifest color-convert@^2.0.1
608 silly packumentCache full:https://registry.npmjs.org/color-convert cache-miss
609 http fetch GET 200 https://registry.npmjs.org/color-convert 527ms (cache miss)
610 silly packumentCache full:https://registry.npmjs.org/color-convert set size:undefined disposed:false
611 silly placeDep node_modules/string-width-cjs ansi-regex@5.0.1 OK for: strip-ansi@6.0.1 want: ^5.0.1
612 silly placeDep ROOT color-convert@2.0.1 OK for: ansi-styles@4.3.0 want: ^2.0.1
613 silly fetch manifest color-name@~1.1.4
614 silly packumentCache full:https://registry.npmjs.org/color-name cache-miss
615 http fetch GET 200 https://registry.npmjs.org/color-name 214ms (cache miss)
616 silly packumentCache full:https://registry.npmjs.org/color-name set size:undefined disposed:false
617 silly placeDep ROOT color-name@1.1.4 OK for: color-convert@2.0.1 want: ~1.1.4
618 silly placeDep node_modules/wrap-ansi-cjs emoji-regex@8.0.0 OK for: string-width@4.2.3 want: ^8.0.0
619 silly placeDep node_modules/wrap-ansi-cjs ansi-regex@5.0.1 OK for: strip-ansi@6.0.1 want: ^5.0.1
620 silly reify moves {}
621 silly audit bulk request {
621 silly audit   tailwindcss: [ '3.4.4' ],
621 silly audit   '@alloc/quick-lru': [ '5.2.0' ],
621 silly audit   arg: [ '5.0.2' ],
621 silly audit   chokidar: [ '3.6.0' ],
621 silly audit   didyoumean: [ '1.2.2' ],
621 silly audit   dlv: [ '1.1.3' ],
621 silly audit   'fast-glob': [ '3.3.3' ],
621 silly audit   'glob-parent': [ '6.0.2', '5.1.2' ],
621 silly audit   'is-glob': [ '4.0.3' ],
621 silly audit   jiti: [ '1.21.7' ],
621 silly audit   lilconfig: [ '2.1.0', '3.1.3' ],
621 silly audit   micromatch: [ '4.0.8' ],
621 silly audit   'normalize-path': [ '3.0.0' ],
621 silly audit   'object-hash': [ '3.0.0' ],
621 silly audit   picocolors: [ '1.1.1' ],
621 silly audit   postcss: [ '8.5.6' ],
621 silly audit   'postcss-import': [ '15.1.0' ],
621 silly audit   'postcss-js': [ '4.1.0' ],
621 silly audit   'postcss-load-config': [ '4.0.2' ],
621 silly audit   'postcss-nested': [ '6.2.0' ],
621 silly audit   'postcss-selector-parser': [ '6.1.2' ],
621 silly audit   resolve: [ '1.22.11' ],
621 silly audit   sucrase: [ '3.35.0' ],
621 silly audit   anymatch: [ '3.1.3' ],
621 silly audit   braces: [ '3.0.3' ],
621 silly audit   fsevents: [ '2.3.3' ],
621 silly audit   'is-binary-path': [ '2.1.0' ],
621 silly audit   readdirp: [ '3.6.0' ],
621 silly audit   picomatch: [ '2.3.1' ],
621 silly audit   'fill-range': [ '7.1.1' ],
621 silly audit   '@nodelib/fs.stat': [ '2.0.5' ],
621 silly audit   '@nodelib/fs.walk': [ '1.2.8' ],
621 silly audit   merge2: [ '1.4.1' ],
621 silly audit   '@nodelib/fs.scandir': [ '2.1.5' ],
621 silly audit   fastq: [ '1.19.1' ],
621 silly audit   'run-parallel': [ '1.2.0' ],
621 silly audit   reusify: [ '1.1.0' ],
621 silly audit   'to-regex-range': [ '5.0.1' ],
621 silly audit   'binary-extensions': [ '2.3.0' ],
621 silly audit   'is-extglob': [ '2.1.1' ],
621 silly audit   nanoid: [ '3.3.11' ],
621 silly audit   'source-map-js': [ '1.2.1' ],
621 silly audit   'postcss-value-parser': [ '4.2.0' ],
621 silly audit   'read-cache': [ '1.0.0' ],
621 silly audit   'camelcase-css': [ '2.0.1' ],
621 silly audit   yaml: [ '2.8.1' ],
621 silly audit   cssesc: [ '3.0.0' ],
621 silly audit   'util-deprecate': [ '1.0.2' ],
621 silly audit   pify: [ '2.3.0' ],
621 silly audit   'is-core-module': [ '2.16.1' ],
621 silly audit   'path-parse': [ '1.0.7' ],
621 silly audit   'supports-preserve-symlinks-flag': [ '1.0.0' ],
621 silly audit   hasown: [ '2.0.2' ],
621 silly audit   'function-bind': [ '1.1.2' ],
621 silly audit   'queue-microtask': [ '1.2.3' ],
621 silly audit   '@jridgewell/gen-mapping': [ '0.3.13' ],
621 silly audit   commander: [ '4.1.1' ],
621 silly audit   glob: [ '10.4.5' ],
621 silly audit   'lines-and-columns': [ '1.2.4' ],
621 silly audit   mz: [ '2.7.0' ],
621 silly audit   pirates: [ '4.0.7' ],
621 silly audit   'ts-interface-checker': [ '0.1.13' ],
621 silly audit   '@jridgewell/sourcemap-codec': [ '1.5.5' ],
621 silly audit   '@jridgewell/trace-mapping': [ '0.3.31' ],
621 silly audit   '@jridgewell/resolve-uri': [ '3.1.2' ],
621 silly audit   'foreground-child': [ '3.3.1' ],
621 silly audit   jackspeak: [ '3.4.3' ],
621 silly audit   minimatch: [ '9.0.5' ],
621 silly audit   minipass: [ '7.1.2' ],
621 silly audit   'package-json-from-dist': [ '1.0.1' ],
621 silly audit   'path-scurry': [ '1.11.1' ],
621 silly audit   'cross-spawn': [ '7.0.6' ],
621 silly audit   'signal-exit': [ '4.1.0' ],
621 silly audit   'path-key': [ '3.1.1' ],
621 silly audit   'shebang-command': [ '2.0.0' ],
621 silly audit   which: [ '2.0.2' ],
621 silly audit   '@isaacs/cliui': [ '8.0.2' ],
621 silly audit   '@pkgjs/parseargs': [ '0.11.0' ],
621 silly audit   'string-width': [ '5.1.2', '4.2.3' ],
621 silly audit   'strip-ansi': [ '7.1.2', '6.0.1' ],
621 silly audit   'wrap-ansi': [ '8.1.0', '7.0.0' ],
621 silly audit   'brace-expansion': [ '2.0.2' ],
621 silly audit   'balanced-match': [ '1.0.2' ],
621 silly audit   'any-promise': [ '1.3.0' ],
621 silly audit   'object-assign': [ '4.1.1' ],
621 silly audit   'thenify-all': [ '1.6.0' ],
621 silly audit   'lru-cache': [ '10.4.3' ],
621 silly audit   'shebang-regex': [ '3.0.0' ],
621 silly audit   eastasianwidth: [ '0.2.0' ],
621 silly audit   'emoji-regex': [ '9.2.2', '8.0.0' ],
621 silly audit   'is-fullwidth-code-point': [ '3.0.0' ],
621 silly audit   'ansi-regex': [ '6.2.2', '5.0.1' ],
621 silly audit   thenify: [ '3.3.1' ],
621 silly audit   'is-number': [ '7.0.0' ],
621 silly audit   isexe: [ '2.0.0' ],
621 silly audit   'ansi-styles': [ '6.2.3', '4.3.0' ],
621 silly audit   'color-convert': [ '2.0.1' ],
621 silly audit   'color-name': [ '1.1.4' ]
621 silly audit }
622 silly tarball no local data for color-name@https://registry.npmjs.org/color-name/-/color-name-1.1.4.tgz. Extracting by manifest.
623 silly tarball no local data for color-convert@https://registry.npmjs.org/color-convert/-/color-convert-2.0.1.tgz. Extracting by manifest.
624 silly tarball no local data for ansi-styles@https://registry.npmjs.org/ansi-styles/-/ansi-styles-6.2.3.tgz. Extracting by manifest.
625 silly tarball no local data for isexe@https://registry.npmjs.org/isexe/-/isexe-2.0.0.tgz. Extracting by manifest.
626 silly tarball no local data for thenify@https://registry.npmjs.org/thenify/-/thenify-3.3.1.tgz. Extracting by manifest.
627 silly tarball no local data for is-number@https://registry.npmjs.org/is-number/-/is-number-7.0.0.tgz. Extracting by manifest.
628 silly tarball no local data for ansi-regex@https://registry.npmjs.org/ansi-regex/-/ansi-regex-6.2.2.tgz. Extracting by manifest.
629 silly tarball no local data for is-fullwidth-code-point@https://registry.npmjs.org/is-fullwidth-code-point/-/is-fullwidth-code-point-3.0.0.tgz. Extracting by manifest.
630 silly tarball no local data for emoji-regex@https://registry.npmjs.org/emoji-regex/-/emoji-regex-9.2.2.tgz. Extracting by manifest.
631 silly tarball no local data for eastasianwidth@https://registry.npmjs.org/eastasianwidth/-/eastasianwidth-0.2.0.tgz. Extracting by manifest.
632 silly tarball no local data for shebang-regex@https://registry.npmjs.org/shebang-regex/-/shebang-regex-3.0.0.tgz. Extracting by manifest.
633 silly tarball no local data for lru-cache@https://registry.npmjs.org/lru-cache/-/lru-cache-10.4.3.tgz. Extracting by manifest.
634 silly tarball no local data for thenify-all@https://registry.npmjs.org/thenify-all/-/thenify-all-1.6.0.tgz. Extracting by manifest.
635 silly tarball no local data for object-assign@https://registry.npmjs.org/object-assign/-/object-assign-4.1.1.tgz. Extracting by manifest.
636 silly tarball no local data for any-promise@https://registry.npmjs.org/any-promise/-/any-promise-1.3.0.tgz. Extracting by manifest.
637 silly tarball no local data for balanced-match@https://registry.npmjs.org/balanced-match/-/balanced-match-1.0.2.tgz. Extracting by manifest.
638 silly tarball no local data for brace-expansion@https://registry.npmjs.org/brace-expansion/-/brace-expansion-2.0.2.tgz. Extracting by manifest.
639 silly tarball no local data for wrap-ansi@https://registry.npmjs.org/wrap-ansi/-/wrap-ansi-8.1.0.tgz. Extracting by manifest.
640 silly tarball no local data for strip-ansi-cjs@https://registry.npmjs.org/strip-ansi/-/strip-ansi-6.0.1.tgz. Extracting by manifest.
641 silly tarball no local data for strip-ansi@https://registry.npmjs.org/strip-ansi/-/strip-ansi-7.1.2.tgz. Extracting by manifest.
642 silly tarball no local data for string-width-cjs@https://registry.npmjs.org/string-width/-/string-width-4.2.3.tgz. Extracting by manifest.
643 silly tarball no local data for string-width@https://registry.npmjs.org/string-width/-/string-width-5.1.2.tgz. Extracting by manifest.
644 silly tarball no local data for @pkgjs/parseargs@https://registry.npmjs.org/@pkgjs/parseargs/-/parseargs-0.11.0.tgz. Extracting by manifest.
645 silly tarball no local data for @isaacs/cliui@https://registry.npmjs.org/@isaacs/cliui/-/cliui-8.0.2.tgz. Extracting by manifest.
646 silly tarball no local data for which@https://registry.npmjs.org/which/-/which-2.0.2.tgz. Extracting by manifest.
647 silly tarball no local data for path-key@https://registry.npmjs.org/path-key/-/path-key-3.1.1.tgz. Extracting by manifest.
648 silly tarball no local data for signal-exit@https://registry.npmjs.org/signal-exit/-/signal-exit-4.1.0.tgz. Extracting by manifest.
649 silly tarball no local data for shebang-command@https://registry.npmjs.org/shebang-command/-/shebang-command-2.0.0.tgz. Extracting by manifest.
650 silly tarball no local data for cross-spawn@https://registry.npmjs.org/cross-spawn/-/cross-spawn-7.0.6.tgz. Extracting by manifest.
651 silly tarball no local data for package-json-from-dist@https://registry.npmjs.org/package-json-from-dist/-/package-json-from-dist-1.0.1.tgz. Extracting by manifest.
652 silly tarball no local data for path-scurry@https://registry.npmjs.org/path-scurry/-/path-scurry-1.11.1.tgz. Extracting by manifest.
653 silly tarball no local data for minipass@https://registry.npmjs.org/minipass/-/minipass-7.1.2.tgz. Extracting by manifest.
654 silly tarball no local data for jackspeak@https://registry.npmjs.org/jackspeak/-/jackspeak-3.4.3.tgz. Extracting by manifest.
655 silly tarball no local data for minimatch@https://registry.npmjs.org/minimatch/-/minimatch-9.0.5.tgz. Extracting by manifest.
656 silly tarball no local data for foreground-child@https://registry.npmjs.org/foreground-child/-/foreground-child-3.3.1.tgz. Extracting by manifest.
657 silly tarball no local data for @jridgewell/resolve-uri@https://registry.npmjs.org/@jridgewell/resolve-uri/-/resolve-uri-3.1.2.tgz. Extracting by manifest.
658 silly tarball no local data for @jridgewell/trace-mapping@https://registry.npmjs.org/@jridgewell/trace-mapping/-/trace-mapping-0.3.31.tgz. Extracting by manifest.
659 silly tarball no local data for @jridgewell/sourcemap-codec@https://registry.npmjs.org/@jridgewell/sourcemap-codec/-/sourcemap-codec-1.5.5.tgz. Extracting by manifest.
660 silly tarball no local data for pirates@https://registry.npmjs.org/pirates/-/pirates-4.0.7.tgz. Extracting by manifest.
661 silly tarball no local data for ts-interface-checker@https://registry.npmjs.org/ts-interface-checker/-/ts-interface-checker-0.1.13.tgz. Extracting by manifest.
662 silly tarball no local data for mz@https://registry.npmjs.org/mz/-/mz-2.7.0.tgz. Extracting by manifest.
663 silly tarball no local data for glob@https://registry.npmjs.org/glob/-/glob-10.4.5.tgz. Extracting by manifest.
664 silly tarball no local data for lines-and-columns@https://registry.npmjs.org/lines-and-columns/-/lines-and-columns-1.2.4.tgz. Extracting by manifest.
665 silly tarball no local data for commander@https://registry.npmjs.org/commander/-/commander-4.1.1.tgz. Extracting by manifest.
666 silly tarball no local data for @jridgewell/gen-mapping@https://registry.npmjs.org/@jridgewell/gen-mapping/-/gen-mapping-0.3.13.tgz. Extracting by manifest.
667 silly tarball no local data for queue-microtask@https://registry.npmjs.org/queue-microtask/-/queue-microtask-1.2.3.tgz. Extracting by manifest.
668 silly tarball no local data for function-bind@https://registry.npmjs.org/function-bind/-/function-bind-1.1.2.tgz. Extracting by manifest.
669 silly tarball no local data for hasown@https://registry.npmjs.org/hasown/-/hasown-2.0.2.tgz. Extracting by manifest.
670 silly tarball no local data for supports-preserve-symlinks-flag@https://registry.npmjs.org/supports-preserve-symlinks-flag/-/supports-preserve-symlinks-flag-1.0.0.tgz. Extracting by manifest.
671 silly tarball no local data for path-parse@https://registry.npmjs.org/path-parse/-/path-parse-1.0.7.tgz. Extracting by manifest.
672 silly tarball no local data for is-core-module@https://registry.npmjs.org/is-core-module/-/is-core-module-2.16.1.tgz. Extracting by manifest.
673 silly tarball no local data for pify@https://registry.npmjs.org/pify/-/pify-2.3.0.tgz. Extracting by manifest.
674 silly tarball no local data for util-deprecate@https://registry.npmjs.org/util-deprecate/-/util-deprecate-1.0.2.tgz. Extracting by manifest.
675 silly tarball no local data for cssesc@https://registry.npmjs.org/cssesc/-/cssesc-3.0.0.tgz. Extracting by manifest.
676 silly tarball no local data for yaml@https://registry.npmjs.org/yaml/-/yaml-2.8.1.tgz. Extracting by manifest.
677 silly tarball no local data for camelcase-css@https://registry.npmjs.org/camelcase-css/-/camelcase-css-2.0.1.tgz. Extracting by manifest.
678 silly tarball no local data for read-cache@https://registry.npmjs.org/read-cache/-/read-cache-1.0.0.tgz. Extracting by manifest.
679 silly tarball no local data for postcss-value-parser@https://registry.npmjs.org/postcss-value-parser/-/postcss-value-parser-4.2.0.tgz. Extracting by manifest.
680 silly tarball no local data for source-map-js@https://registry.npmjs.org/source-map-js/-/source-map-js-1.2.1.tgz. Extracting by manifest.
681 silly tarball no local data for nanoid@https://registry.npmjs.org/nanoid/-/nanoid-3.3.11.tgz. Extracting by manifest.
682 silly tarball no local data for is-extglob@https://registry.npmjs.org/is-extglob/-/is-extglob-2.1.1.tgz. Extracting by manifest.
683 silly tarball no local data for binary-extensions@https://registry.npmjs.org/binary-extensions/-/binary-extensions-2.3.0.tgz. Extracting by manifest.
684 silly tarball no local data for to-regex-range@https://registry.npmjs.org/to-regex-range/-/to-regex-range-5.0.1.tgz. Extracting by manifest.
685 silly tarball no local data for reusify@https://registry.npmjs.org/reusify/-/reusify-1.1.0.tgz. Extracting by manifest.
686 silly tarball no local data for run-parallel@https://registry.npmjs.org/run-parallel/-/run-parallel-1.2.0.tgz. Extracting by manifest.
687 silly tarball no local data for merge2@https://registry.npmjs.org/merge2/-/merge2-1.4.1.tgz. Extracting by manifest.
688 silly tarball no local data for @nodelib/fs.scandir@https://registry.npmjs.org/@nodelib/fs.scandir/-/fs.scandir-2.1.5.tgz. Extracting by manifest.
689 silly tarball no local data for fastq@https://registry.npmjs.org/fastq/-/fastq-1.19.1.tgz. Extracting by manifest.
690 silly tarball no local data for @nodelib/fs.walk@https://registry.npmjs.org/@nodelib/fs.walk/-/fs.walk-1.2.8.tgz. Extracting by manifest.
691 silly tarball no local data for @nodelib/fs.stat@https://registry.npmjs.org/@nodelib/fs.stat/-/fs.stat-2.0.5.tgz. Extracting by manifest.
692 silly tarball no local data for fill-range@https://registry.npmjs.org/fill-range/-/fill-range-7.1.1.tgz. Extracting by manifest.
693 silly tarball no local data for picomatch@https://registry.npmjs.org/picomatch/-/picomatch-2.3.1.tgz. Extracting by manifest.
694 silly tarball no local data for readdirp@https://registry.npmjs.org/readdirp/-/readdirp-3.6.0.tgz. Extracting by manifest.
695 silly tarball no local data for is-binary-path@https://registry.npmjs.org/is-binary-path/-/is-binary-path-2.1.0.tgz. Extracting by manifest.
696 silly tarball no local data for fsevents@https://registry.npmjs.org/fsevents/-/fsevents-2.3.3.tgz. Extracting by manifest.
697 silly tarball no local data for braces@https://registry.npmjs.org/braces/-/braces-3.0.3.tgz. Extracting by manifest.
698 silly tarball no local data for sucrase@https://registry.npmjs.org/sucrase/-/sucrase-3.35.0.tgz. Extracting by manifest.
699 silly tarball no local data for postcss-selector-parser@https://registry.npmjs.org/postcss-selector-parser/-/postcss-selector-parser-6.1.2.tgz. Extracting by manifest.
700 silly tarball no local data for anymatch@https://registry.npmjs.org/anymatch/-/anymatch-3.1.3.tgz. Extracting by manifest.
701 silly tarball no local data for resolve@https://registry.npmjs.org/resolve/-/resolve-1.22.11.tgz. Extracting by manifest.
702 silly tarball no local data for postcss-nested@https://registry.npmjs.org/postcss-nested/-/postcss-nested-6.2.0.tgz. Extracting by manifest.
703 silly tarball no local data for postcss-js@https://registry.npmjs.org/postcss-js/-/postcss-js-4.1.0.tgz. Extracting by manifest.
704 silly tarball no local data for postcss@https://registry.npmjs.org/postcss/-/postcss-8.5.6.tgz. Extracting by manifest.
705 silly tarball no local data for picocolors@https://registry.npmjs.org/picocolors/-/picocolors-1.1.1.tgz. Extracting by manifest.
706 silly tarball no local data for postcss-import@https://registry.npmjs.org/postcss-import/-/postcss-import-15.1.0.tgz. Extracting by manifest.
707 silly tarball no local data for object-hash@https://registry.npmjs.org/object-hash/-/object-hash-3.0.0.tgz. Extracting by manifest.
708 silly tarball no local data for normalize-path@https://registry.npmjs.org/normalize-path/-/normalize-path-3.0.0.tgz. Extracting by manifest.
709 silly tarball no local data for lilconfig@https://registry.npmjs.org/lilconfig/-/lilconfig-2.1.0.tgz. Extracting by manifest.
710 silly tarball no local data for micromatch@https://registry.npmjs.org/micromatch/-/micromatch-4.0.8.tgz. Extracting by manifest.
711 silly tarball no local data for is-glob@https://registry.npmjs.org/is-glob/-/is-glob-4.0.3.tgz. Extracting by manifest.
712 silly tarball no local data for postcss-load-config@https://registry.npmjs.org/postcss-load-config/-/postcss-load-config-4.0.2.tgz. Extracting by manifest.
713 silly tarball no local data for wrap-ansi-cjs@https://registry.npmjs.org/wrap-ansi/-/wrap-ansi-7.0.0.tgz. Extracting by manifest.
714 silly tarball no local data for jiti@https://registry.npmjs.org/jiti/-/jiti-1.21.7.tgz. Extracting by manifest.
715 silly tarball no local data for glob-parent@https://registry.npmjs.org/glob-parent/-/glob-parent-6.0.2.tgz. Extracting by manifest.
716 silly tarball no local data for fast-glob@https://registry.npmjs.org/fast-glob/-/fast-glob-3.3.3.tgz. Extracting by manifest.
717 silly tarball no local data for dlv@https://registry.npmjs.org/dlv/-/dlv-1.1.3.tgz. Extracting by manifest.
718 silly tarball no local data for didyoumean@https://registry.npmjs.org/didyoumean/-/didyoumean-1.2.2.tgz. Extracting by manifest.
719 silly tarball no local data for chokidar@https://registry.npmjs.org/chokidar/-/chokidar-3.6.0.tgz. Extracting by manifest.
720 silly tarball no local data for arg@https://registry.npmjs.org/arg/-/arg-5.0.2.tgz. Extracting by manifest.
721 silly tarball no local data for @alloc/quick-lru@https://registry.npmjs.org/@alloc/quick-lru/-/quick-lru-5.2.0.tgz. Extracting by manifest.
722 silly tarball no local data for tailwindcss@https://registry.npmjs.org/tailwindcss/-/tailwindcss-3.4.4.tgz. Extracting by manifest.
723 silly tarball no local data for ansi-regex@https://registry.npmjs.org/ansi-regex/-/ansi-regex-5.0.1.tgz. Extracting by manifest.
724 silly tarball no local data for strip-ansi@https://registry.npmjs.org/strip-ansi/-/strip-ansi-6.0.1.tgz. Extracting by manifest.
725 silly tarball no local data for emoji-regex@https://registry.npmjs.org/emoji-regex/-/emoji-regex-8.0.0.tgz. Extracting by manifest.
726 silly tarball no local data for string-width@https://registry.npmjs.org/string-width/-/string-width-4.2.3.tgz. Extracting by manifest.
727 silly tarball no local data for ansi-styles@https://registry.npmjs.org/ansi-styles/-/ansi-styles-4.3.0.tgz. Extracting by manifest.
728 silly tarball no local data for ansi-regex@https://registry.npmjs.org/ansi-regex/-/ansi-regex-5.0.1.tgz. Extracting by manifest.
729 silly tarball no local data for ansi-regex@https://registry.npmjs.org/ansi-regex/-/ansi-regex-5.0.1.tgz. Extracting by manifest.
730 silly tarball no local data for strip-ansi@https://registry.npmjs.org/strip-ansi/-/strip-ansi-6.0.1.tgz. Extracting by manifest.
731 silly tarball no local data for emoji-regex@https://registry.npmjs.org/emoji-regex/-/emoji-regex-8.0.0.tgz. Extracting by manifest.
732 silly tarball no local data for lilconfig@https://registry.npmjs.org/lilconfig/-/lilconfig-3.1.3.tgz. Extracting by manifest.
733 silly tarball no local data for glob-parent@https://registry.npmjs.org/glob-parent/-/glob-parent-5.1.2.tgz. Extracting by manifest.
734 silly tarball no local data for glob-parent@https://registry.npmjs.org/glob-parent/-/glob-parent-5.1.2.tgz. Extracting by manifest.
735 http fetch POST 200 https://registry.npmjs.org/-/npm/v1/security/advisories/bulk 298ms
736 silly audit report {}
737 http fetch GET 200 https://registry.npmjs.org/is-number/-/is-number-7.0.0.tgz 372ms (cache miss)
738 http fetch GET 200 https://registry.npmjs.org/ansi-styles/-/ansi-styles-6.2.3.tgz 393ms (cache miss)
739 http fetch GET 200 https://registry.npmjs.org/thenify/-/thenify-3.3.1.tgz 440ms (cache miss)
740 http fetch GET 200 https://registry.npmjs.org/color-name/-/color-name-1.1.4.tgz 446ms (cache miss)
741 http fetch GET 200 https://registry.npmjs.org/color-convert/-/color-convert-2.0.1.tgz 670ms (cache miss)
742 http fetch GET 200 https://registry.npmjs.org/strip-ansi/-/strip-ansi-6.0.1.tgz 649ms (cache miss)
743 http fetch GET 200 https://registry.npmjs.org/wrap-ansi/-/wrap-ansi-8.1.0.tgz 696ms (cache miss)
744 http fetch GET 200 https://registry.npmjs.org/any-promise/-/any-promise-1.3.0.tgz 768ms (cache miss)
745 http fetch GET 200 https://registry.npmjs.org/isexe/-/isexe-2.0.0.tgz 784ms (cache miss)
746 http fetch GET 200 https://registry.npmjs.org/balanced-match/-/balanced-match-1.0.2.tgz 807ms (cache miss)
747 http fetch GET 200 https://registry.npmjs.org/string-width/-/string-width-4.2.3.tgz 926ms (cache miss)
748 http fetch GET 200 https://registry.npmjs.org/ansi-regex/-/ansi-regex-6.2.2.tgz 946ms (cache miss)
749 http fetch GET 200 https://registry.npmjs.org/eastasianwidth/-/eastasianwidth-0.2.0.tgz 943ms (cache miss)
750 http fetch GET 200 https://registry.npmjs.org/shebang-regex/-/shebang-regex-3.0.0.tgz 939ms (cache miss)
751 http fetch GET 200 https://registry.npmjs.org/string-width/-/string-width-5.1.2.tgz 1013ms (cache miss)
752 http fetch GET 200 https://registry.npmjs.org/thenify-all/-/thenify-all-1.6.0.tgz 1026ms (cache miss)
753 http fetch GET 200 https://registry.npmjs.org/strip-ansi/-/strip-ansi-7.1.2.tgz 1064ms (cache miss)
754 http fetch GET 200 https://registry.npmjs.org/@isaacs/cliui/-/cliui-8.0.2.tgz 1189ms (cache miss)
755 http fetch GET 200 https://registry.npmjs.org/shebang-command/-/shebang-command-2.0.0.tgz 1192ms (cache miss)
756 http fetch GET 200 https://registry.npmjs.org/object-assign/-/object-assign-4.1.1.tgz 1205ms (cache miss)
757 http fetch GET 200 https://registry.npmjs.org/which/-/which-2.0.2.tgz 1198ms (cache miss)
758 http fetch GET 200 https://registry.npmjs.org/cross-spawn/-/cross-spawn-7.0.6.tgz 1197ms (cache miss)
759 http fetch GET 200 https://registry.npmjs.org/brace-expansion/-/brace-expansion-2.0.2.tgz 1213ms (cache miss)
760 http fetch GET 200 https://registry.npmjs.org/emoji-regex/-/emoji-regex-9.2.2.tgz 1245ms (cache miss)
761 http fetch GET 200 https://registry.npmjs.org/package-json-from-dist/-/package-json-from-dist-1.0.1.tgz 1275ms (cache miss)
762 http fetch GET 200 https://registry.npmjs.org/path-key/-/path-key-3.1.1.tgz 1363ms (cache miss)
763 http fetch GET 200 https://registry.npmjs.org/is-fullwidth-code-point/-/is-fullwidth-code-point-3.0.0.tgz 1389ms (cache miss)
764 http fetch GET 200 https://registry.npmjs.org/minimatch/-/minimatch-9.0.5.tgz 1389ms (cache miss)
765 http fetch GET 200 https://registry.npmjs.org/@jridgewell/trace-mapping/-/trace-mapping-0.3.31.tgz 1422ms (cache miss)
766 http fetch GET 200 https://registry.npmjs.org/pirates/-/pirates-4.0.7.tgz 1488ms (cache miss)
767 http fetch GET 200 https://registry.npmjs.org/path-scurry/-/path-scurry-1.11.1.tgz 1505ms (cache miss)
768 http fetch GET 200 https://registry.npmjs.org/foreground-child/-/foreground-child-3.3.1.tgz 1552ms (cache miss)
769 http fetch GET 200 https://registry.npmjs.org/lines-and-columns/-/lines-and-columns-1.2.4.tgz 1593ms (cache miss)
770 http fetch GET 200 https://registry.npmjs.org/glob/-/glob-10.4.5.tgz 1597ms (cache miss)
771 http fetch GET 200 https://registry.npmjs.org/mz/-/mz-2.7.0.tgz 1637ms (cache miss)
772 http fetch GET 200 https://registry.npmjs.org/@pkgjs/parseargs/-/parseargs-0.11.0.tgz 1701ms (cache miss)
773 http fetch GET 200 https://registry.npmjs.org/@jridgewell/resolve-uri/-/resolve-uri-3.1.2.tgz 1738ms (cache miss)
774 http fetch GET 200 https://registry.npmjs.org/signal-exit/-/signal-exit-4.1.0.tgz 1760ms (cache miss)
775 http fetch GET 200 https://registry.npmjs.org/hasown/-/hasown-2.0.2.tgz 1769ms (cache miss)
776 http fetch GET 200 https://registry.npmjs.org/lru-cache/-/lru-cache-10.4.3.tgz 1829ms (cache miss)
777 http fetch GET 200 https://registry.npmjs.org/@jridgewell/sourcemap-codec/-/sourcemap-codec-1.5.5.tgz 1875ms (cache miss)
778 http fetch GET 200 https://registry.npmjs.org/path-parse/-/path-parse-1.0.7.tgz 1853ms (cache miss)
779 http fetch GET 200 https://registry.npmjs.org/queue-microtask/-/queue-microtask-1.2.3.tgz 1891ms (cache miss)
780 http fetch GET 200 https://registry.npmjs.org/ts-interface-checker/-/ts-interface-checker-0.1.13.tgz 1908ms (cache miss)
781 http fetch GET 200 https://registry.npmjs.org/@jridgewell/gen-mapping/-/gen-mapping-0.3.13.tgz 1914ms (cache miss)
782 http fetch GET 200 https://registry.npmjs.org/function-bind/-/function-bind-1.1.2.tgz 1936ms (cache miss)
783 http fetch GET 200 https://registry.npmjs.org/util-deprecate/-/util-deprecate-1.0.2.tgz 1920ms (cache miss)
784 http fetch GET 200 https://registry.npmjs.org/camelcase-css/-/camelcase-css-2.0.1.tgz 1947ms (cache miss)
785 http fetch GET 200 https://registry.npmjs.org/pify/-/pify-2.3.0.tgz 1974ms (cache miss)
786 http fetch GET 200 https://registry.npmjs.org/supports-preserve-symlinks-flag/-/supports-preserve-symlinks-flag-1.0.0.tgz 1991ms (cache miss)
787 http fetch GET 200 https://registry.npmjs.org/read-cache/-/read-cache-1.0.0.tgz 2046ms (cache miss)
788 http fetch GET 200 https://registry.npmjs.org/postcss-value-parser/-/postcss-value-parser-4.2.0.tgz 2032ms (cache miss)
789 http fetch GET 200 https://registry.npmjs.org/is-core-module/-/is-core-module-2.16.1.tgz 2056ms (cache miss)
790 http fetch GET 200 https://registry.npmjs.org/cssesc/-/cssesc-3.0.0.tgz 2115ms (cache miss)
791 http fetch GET 200 https://registry.npmjs.org/binary-extensions/-/binary-extensions-2.3.0.tgz 2092ms (cache miss)
792 http fetch GET 200 https://registry.npmjs.org/to-regex-range/-/to-regex-range-5.0.1.tgz 2124ms (cache miss)
793 http fetch GET 200 https://registry.npmjs.org/run-parallel/-/run-parallel-1.2.0.tgz 2140ms (cache miss)
794 http fetch GET 200 https://registry.npmjs.org/jackspeak/-/jackspeak-3.4.3.tgz 2223ms (cache miss)
795 http fetch GET 200 https://registry.npmjs.org/@nodelib/fs.scandir/-/fs.scandir-2.1.5.tgz 2236ms (cache miss)
796 http fetch GET 200 https://registry.npmjs.org/reusify/-/reusify-1.1.0.tgz 2261ms (cache miss)
797 http fetch GET 200 https://registry.npmjs.org/merge2/-/merge2-1.4.1.tgz 2261ms (cache miss)
798 http fetch GET 200 https://registry.npmjs.org/nanoid/-/nanoid-3.3.11.tgz 2267ms (cache miss)
799 http fetch GET 200 https://registry.npmjs.org/is-extglob/-/is-extglob-2.1.1.tgz 2296ms (cache miss)
800 http fetch GET 200 https://registry.npmjs.org/@nodelib/fs.stat/-/fs.stat-2.0.5.tgz 2290ms (cache miss)
801 http fetch GET 200 https://registry.npmjs.org/@nodelib/fs.walk/-/fs.walk-1.2.8.tgz 2342ms (cache miss)
802 http fetch GET 200 https://registry.npmjs.org/picomatch/-/picomatch-2.3.1.tgz 2339ms (cache miss)
803 http fetch GET 200 https://registry.npmjs.org/fastq/-/fastq-1.19.1.tgz 2434ms (cache miss)
804 http fetch GET 200 https://registry.npmjs.org/readdirp/-/readdirp-3.6.0.tgz 2431ms (cache miss)
805 http fetch GET 200 https://registry.npmjs.org/commander/-/commander-4.1.1.tgz 2503ms (cache miss)
806 http fetch GET 200 https://registry.npmjs.org/is-binary-path/-/is-binary-path-2.1.0.tgz 2440ms (cache miss)
807 http fetch GET 200 https://registry.npmjs.org/anymatch/-/anymatch-3.1.3.tgz 2494ms (cache miss)
808 http fetch GET 200 https://registry.npmjs.org/postcss-selector-parser/-/postcss-selector-parser-6.1.2.tgz 2510ms (cache miss)
809 http fetch GET 200 https://registry.npmjs.org/postcss-nested/-/postcss-nested-6.2.0.tgz 2530ms (cache miss)
810 http fetch GET 200 https://registry.npmjs.org/fill-range/-/fill-range-7.1.1.tgz 2546ms (cache miss)
811 http fetch GET 200 https://registry.npmjs.org/postcss-import/-/postcss-import-15.1.0.tgz 2630ms (cache miss)
812 http fetch GET 200 https://registry.npmjs.org/fsevents/-/fsevents-2.3.3.tgz 2649ms (cache miss)
813 http fetch GET 200 https://registry.npmjs.org/postcss-js/-/postcss-js-4.1.0.tgz 2670ms (cache miss)
814 http fetch GET 200 https://registry.npmjs.org/normalize-path/-/normalize-path-3.0.0.tgz 2686ms (cache miss)
815 http fetch GET 200 https://registry.npmjs.org/source-map-js/-/source-map-js-1.2.1.tgz 2719ms (cache miss)
816 http fetch GET 200 https://registry.npmjs.org/lilconfig/-/lilconfig-2.1.0.tgz 2752ms (cache miss)
817 http fetch GET 200 https://registry.npmjs.org/micromatch/-/micromatch-4.0.8.tgz 2775ms (cache miss)
818 http fetch GET 200 https://registry.npmjs.org/is-glob/-/is-glob-4.0.3.tgz 2810ms (cache miss)
819 http fetch GET 200 https://registry.npmjs.org/postcss-load-config/-/postcss-load-config-4.0.2.tgz 2826ms (cache miss)
820 http fetch GET 200 https://registry.npmjs.org/resolve/-/resolve-1.22.11.tgz 2847ms (cache miss)
821 http fetch GET 200 https://registry.npmjs.org/object-hash/-/object-hash-3.0.0.tgz 2895ms (cache miss)
822 http fetch GET 200 https://registry.npmjs.org/braces/-/braces-3.0.3.tgz 2945ms (cache miss)
823 http fetch GET 200 https://registry.npmjs.org/dlv/-/dlv-1.1.3.tgz 2968ms (cache miss)
824 http fetch GET 200 https://registry.npmjs.org/fast-glob/-/fast-glob-3.3.3.tgz 2971ms (cache miss)
825 http fetch GET 200 https://registry.npmjs.org/didyoumean/-/didyoumean-1.2.2.tgz 2975ms (cache miss)
826 http fetch GET 200 https://registry.npmjs.org/arg/-/arg-5.0.2.tgz 2997ms (cache miss)
827 http fetch GET 200 https://registry.npmjs.org/glob-parent/-/glob-parent-6.0.2.tgz 3093ms (cache miss)
828 http fetch GET 200 https://registry.npmjs.org/jiti/-/jiti-1.21.7.tgz 3121ms (cache miss)
829 http fetch GET 200 https://registry.npmjs.org/ansi-regex/-/ansi-regex-5.0.1.tgz 3126ms (cache miss)
830 http fetch GET 200 https://registry.npmjs.org/wrap-ansi/-/wrap-ansi-7.0.0.tgz 3162ms (cache miss)
831 http fetch GET 200 https://registry.npmjs.org/strip-ansi/-/strip-ansi-6.0.1.tgz 3162ms (cache miss)
832 http fetch GET 200 https://registry.npmjs.org/@alloc/quick-lru/-/quick-lru-5.2.0.tgz 3169ms (cache miss)
833 http fetch GET 200 https://registry.npmjs.org/chokidar/-/chokidar-3.6.0.tgz 3191ms (cache miss)
834 http fetch GET 200 https://registry.npmjs.org/postcss/-/postcss-8.5.6.tgz 3219ms (cache miss)
835 http fetch GET 200 https://registry.npmjs.org/picocolors/-/picocolors-1.1.1.tgz 3271ms (cache miss)
836 http fetch GET 200 https://registry.npmjs.org/ansi-regex/-/ansi-regex-5.0.1.tgz 3275ms (cache miss)
837 http fetch GET 200 https://registry.npmjs.org/ansi-regex/-/ansi-regex-5.0.1.tgz 3309ms (cache miss)
838 http fetch GET 200 https://registry.npmjs.org/strip-ansi/-/strip-ansi-6.0.1.tgz 3336ms (cache miss)
839 http fetch GET 200 https://registry.npmjs.org/emoji-regex/-/emoji-regex-8.0.0.tgz 3341ms (cache miss)
840 http fetch GET 200 https://registry.npmjs.org/emoji-regex/-/emoji-regex-8.0.0.tgz 3363ms (cache miss)
841 http fetch GET 200 https://registry.npmjs.org/lilconfig/-/lilconfig-3.1.3.tgz 3355ms (cache miss)
842 http fetch GET 200 https://registry.npmjs.org/glob-parent/-/glob-parent-5.1.2.tgz 3356ms (cache miss)
843 http fetch GET 200 https://registry.npmjs.org/glob-parent/-/glob-parent-5.1.2.tgz 3389ms (cache miss)
844 http fetch GET 200 https://registry.npmjs.org/ansi-styles/-/ansi-styles-4.3.0.tgz 3475ms (cache miss)
845 http fetch GET 200 https://registry.npmjs.org/string-width/-/string-width-4.2.3.tgz 3726ms (cache miss)
846 http fetch GET 200 https://registry.npmjs.org/minipass/-/minipass-7.1.2.tgz 4025ms (cache miss)
847 http fetch GET 200 https://registry.npmjs.org/yaml/-/yaml-2.8.1.tgz 4126ms (cache miss)
848 http fetch GET 200 https://registry.npmjs.org/sucrase/-/sucrase-3.35.0.tgz 5524ms (cache miss)
849 http fetch GET 200 https://registry.npmjs.org/tailwindcss/-/tailwindcss-3.4.4.tgz 10898ms (cache miss)
850 info run fsevents@2.3.3 install node_modules/fsevents node-gyp rebuild
851 info run fsevents@2.3.3 install { code: 1, signal: null }
852 verbose reify failed optional dependency /Users/jiangzhefeng/learn-project/jindong-demo/node_modules/fsevents
853 silly reify mark deleted [
853 silly reify   '/Users/jiangzhefeng/learn-project/jindong-demo/node_modules/fsevents'
853 silly reify ]
854 silly ADD node_modules/color-name
855 silly ADD node_modules/color-convert
856 silly ADD node_modules/ansi-styles
857 silly ADD node_modules/isexe
858 silly ADD node_modules/is-number
859 silly ADD node_modules/thenify
860 silly ADD node_modules/ansi-regex
861 silly ADD node_modules/is-fullwidth-code-point
862 silly ADD node_modules/emoji-regex
863 silly ADD node_modules/eastasianwidth
864 silly ADD node_modules/shebang-regex
865 silly ADD node_modules/lru-cache
866 silly ADD node_modules/thenify-all
867 silly ADD node_modules/object-assign
868 silly ADD node_modules/any-promise
869 silly ADD node_modules/balanced-match
870 silly ADD node_modules/brace-expansion
871 silly ADD node_modules/wrap-ansi-cjs
872 silly ADD node_modules/wrap-ansi-cjs/node_modules/ansi-regex
873 silly ADD node_modules/wrap-ansi-cjs/node_modules/emoji-regex
874 silly ADD node_modules/wrap-ansi-cjs/node_modules/strip-ansi
875 silly ADD node_modules/wrap-ansi-cjs/node_modules/string-width
876 silly ADD node_modules/wrap-ansi-cjs/node_modules/ansi-styles
877 silly ADD node_modules/wrap-ansi
878 silly ADD node_modules/strip-ansi-cjs
879 silly ADD node_modules/strip-ansi-cjs/node_modules/ansi-regex
880 silly ADD node_modules/strip-ansi
881 silly ADD node_modules/string-width-cjs
882 silly ADD node_modules/string-width-cjs/node_modules/ansi-regex
883 silly ADD node_modules/string-width-cjs/node_modules/strip-ansi
884 silly ADD node_modules/string-width-cjs/node_modules/emoji-regex
885 silly ADD node_modules/string-width
886 silly ADD node_modules/@pkgjs/parseargs
887 silly ADD node_modules/@isaacs/cliui
888 silly ADD node_modules/which
889 silly ADD node_modules/shebang-command
890 silly ADD node_modules/path-key
891 silly ADD node_modules/signal-exit
892 silly ADD node_modules/cross-spawn
893 silly ADD node_modules/path-scurry
894 silly ADD node_modules/package-json-from-dist
895 silly ADD node_modules/minipass
896 silly ADD node_modules/minimatch
897 silly ADD node_modules/jackspeak
898 silly ADD node_modules/foreground-child
899 silly ADD node_modules/@jridgewell/resolve-uri
900 silly ADD node_modules/@jridgewell/trace-mapping
901 silly ADD node_modules/@jridgewell/sourcemap-codec
902 silly ADD node_modules/ts-interface-checker
903 silly ADD node_modules/pirates
904 silly ADD node_modules/mz
905 silly ADD node_modules/lines-and-columns
906 silly ADD node_modules/glob
907 silly ADD node_modules/commander
908 silly ADD node_modules/@jridgewell/gen-mapping
909 silly ADD node_modules/queue-microtask
910 silly ADD node_modules/function-bind
911 silly ADD node_modules/hasown
912 silly ADD node_modules/supports-preserve-symlinks-flag
913 silly ADD node_modules/path-parse
914 silly ADD node_modules/is-core-module
915 silly ADD node_modules/pify
916 silly ADD node_modules/util-deprecate
917 silly ADD node_modules/cssesc
918 silly ADD node_modules/yaml
919 silly ADD node_modules/camelcase-css
920 silly ADD node_modules/read-cache
921 silly ADD node_modules/postcss-value-parser
922 silly ADD node_modules/source-map-js
923 silly ADD node_modules/nanoid
924 silly ADD node_modules/is-extglob
925 silly ADD node_modules/binary-extensions
926 silly ADD node_modules/to-regex-range
927 silly ADD node_modules/reusify
928 silly ADD node_modules/run-parallel
929 silly ADD node_modules/fastq
930 silly ADD node_modules/@nodelib/fs.scandir
931 silly ADD node_modules/merge2
932 silly ADD node_modules/@nodelib/fs.walk
933 silly ADD node_modules/@nodelib/fs.stat
934 silly ADD node_modules/fill-range
935 silly ADD node_modules/picomatch
936 silly ADD node_modules/readdirp
937 silly ADD node_modules/is-binary-path
938 silly ADD
939 silly ADD node_modules/braces
940 silly ADD node_modules/anymatch
941 silly ADD node_modules/sucrase
942 silly ADD node_modules/resolve
943 silly ADD node_modules/postcss-selector-parser
944 silly ADD node_modules/postcss-nested
945 silly ADD node_modules/postcss-load-config
946 silly ADD node_modules/postcss-load-config/node_modules/lilconfig
947 silly ADD node_modules/postcss-js
948 silly ADD node_modules/postcss-import
949 silly ADD node_modules/postcss
950 silly ADD node_modules/picocolors
951 silly ADD node_modules/object-hash
952 silly ADD node_modules/normalize-path
953 silly ADD node_modules/micromatch
954 silly ADD node_modules/lilconfig
955 silly ADD node_modules/jiti
956 silly ADD node_modules/is-glob
957 silly ADD node_modules/glob-parent
958 silly ADD node_modules/fast-glob
959 silly ADD node_modules/fast-glob/node_modules/glob-parent
960 silly ADD node_modules/dlv
961 silly ADD node_modules/didyoumean
962 silly ADD node_modules/chokidar
963 silly ADD node_modules/chokidar/node_modules/glob-parent
964 silly ADD node_modules/arg
965 silly ADD node_modules/@alloc/quick-lru
966 silly ADD node_modules/tailwindcss
967 verbose cwd /Users/jiangzhefeng/learn-project/jindong-demo
968 verbose os Darwin 23.2.0
969 verbose node v20.19.0
970 verbose npm  v10.8.2
971 verbose exit 0
972 info ok
